Checking whether the ASM compiler is GNU using "--version" did not match "(GNU assembler)|(GCC)|(Free Software Foundation)":
Microsoft (R) C/C++ Optimizing Compiler Version 19.29.30154 for x64
Copyright (C) Microsoft Corporation.  All rights reserved.

cl : Command line warning D9002 : ignoring unknown option '--version'
cl : Command line error D8003 : missing source filename
Checking whether the ASM compiler is Clang using "--version" did not match "(clang version)":
Microsoft (R) C/C++ Optimizing Compiler Version 19.29.30154 for x64
Copyright (C) Microsoft Corporation.  All rights reserved.

cl : Command line warning D9002 : ignoring unknown option '--version'
cl : Command line error D8003 : missing source filename
Checking whether the ASM compiler is AppleClang using "--version" did not match "(Apple LLVM version)":
Microsoft (R) C/C++ Optimizing Compiler Version 19.29.30154 for x64
Copyright (C) Microsoft Corporation.  All rights reserved.

cl : Command line warning D9002 : ignoring unknown option '--version'
cl : Command line error D8003 : missing source filename
Checking whether the ASM compiler is ARMClang using "--version" did not match "armclang":
Microsoft (R) C/C++ Optimizing Compiler Version 19.29.30154 for x64
Copyright (C) Microsoft Corporation.  All rights reserved.

cl : Command line warning D9002 : ignoring unknown option '--version'
cl : Command line error D8003 : missing source filename
Checking whether the ASM compiler is HP using "-V" did not match "HP C":
Microsoft (R) C/C++ Optimizing Compiler Version 19.29.30154 for x64
Copyright (C) Microsoft Corporation.  All rights reserved.

cl : Command line error D8004 : '/V' requires an argument
Checking whether the ASM compiler is Intel using "--version" did not match "(ICC)":
Microsoft (R) C/C++ Optimizing Compiler Version 19.29.30154 for x64
Copyright (C) Microsoft Corporation.  All rights reserved.

cl : Command line warning D9002 : ignoring unknown option '--version'
cl : Command line error D8003 : missing source filename
Checking whether the ASM compiler is IntelLLVM using "--version" did not match "(Intel[^
]+oneAPI)":
Microsoft (R) C/C++ Optimizing Compiler Version 19.29.30154 for x64
Copyright (C) Microsoft Corporation.  All rights reserved.

cl : Command line warning D9002 : ignoring unknown option '--version'
cl : Command line error D8003 : missing source filename
Checking whether the ASM compiler is SunPro using "-V" did not match "Sun C":
Microsoft (R) C/C++ Optimizing Compiler Version 19.29.30154 for x64
Copyright (C) Microsoft Corporation.  All rights reserved.

cl : Command line error D8004 : '/V' requires an argument
Checking whether the ASM compiler is XL using "-qversion" did not match "XL C":
Microsoft (R) C/C++ Optimizing Compiler Version 19.29.30154 for x64
Copyright (C) Microsoft Corporation.  All rights reserved.

cl : Command line warning D9002 : ignoring unknown option '-qversion'
cl : Command line error D8003 : missing source filename
Determining if the include file pthread.h exists failed with the following output:
Change Dir: C:/Users/Matt/Code/etterna/out/build/x64-Debug/CMakeFiles/CMakeTmp

Run Build Command(s):C:/Program Files (x86)/Microsoft Visual Studio/2019/Community/Common7/IDE/CommonExtensions/Microsoft/CMake/Ninja/ninja.exe cmTC_48286 && [1/2] Building C object CMakeFiles\cmTC_48286.dir\CheckIncludeFile.c.obj
FAILED: CMakeFiles/cmTC_48286.dir/CheckIncludeFile.c.obj 
C:\PROGRA~2\MICROS~2\2019\COMMUN~1\VC\Tools\MSVC\1429~1.301\bin\Hostx64\x64\cl.exe  /nologo   /DWIN32 /D_WINDOWS  /Zi /Ob0 /Od /RTC1 -MTd /showIncludes /FoCMakeFiles\cmTC_48286.dir\CheckIncludeFile.c.obj /FdCMakeFiles\cmTC_48286.dir\ /FS -c CheckIncludeFile.c
CheckIncludeFile.c(1): fatal error C1083: Cannot open include file: 'pthread.h': No such file or directory
ninja: build stopped: subcommand failed.



Determining if files windows.h;ws2tcpip.h;winsock2.h;wincrypt.h;stdio.h;sys/filio.h exist failed with the following output:
Change Dir: C:/Users/Matt/Code/etterna/out/build/x64-Debug/CMakeFiles/CMakeTmp

Run Build Command(s):C:/Program Files (x86)/Microsoft Visual Studio/2019/Community/Common7/IDE/CommonExtensions/Microsoft/CMake/Ninja/ninja.exe cmTC_c94ec && [1/2] Building C object CMakeFiles\cmTC_c94ec.dir\HAVE_SYS_FILIO_H.c.obj
FAILED: CMakeFiles/cmTC_c94ec.dir/HAVE_SYS_FILIO_H.c.obj 
C:\PROGRA~2\MICROS~2\2019\COMMUN~1\VC\Tools\MSVC\1429~1.301\bin\Hostx64\x64\cl.exe  /nologo  -I"C:\Program Files\OpenSSL-Win64\include" /DWIN32 /D_WINDOWS  /Zi /Ob0 /Od /RTC1 -MTd    -D_WIN32_WINNT=0x0600 -D_WINSOCKAPI_= /showIncludes /FoCMakeFiles\cmTC_c94ec.dir\HAVE_SYS_FILIO_H.c.obj /FdCMakeFiles\cmTC_c94ec.dir\ /FS -c C:\Users\Matt\Code\etterna\out\build\x64-Debug\CMakeFiles\CheckIncludeFiles\HAVE_SYS_FILIO_H.c
C:\Users\Matt\Code\etterna\out\build\x64-Debug\CMakeFiles\CheckIncludeFiles\HAVE_SYS_FILIO_H.c(7): fatal error C1083: Cannot open include file: 'sys/filio.h': No such file or directory
ninja: build stopped: subcommand failed.


Source:
/* */
#include <windows.h>
#include <ws2tcpip.h>
#include <winsock2.h>
#include <wincrypt.h>
#include <stdio.h>
#include <sys/filio.h>


int main(void){return 0;}

Determining if files windows.h;ws2tcpip.h;winsock2.h;wincrypt.h;stdio.h;sys/ioctl.h exist failed with the following output:
Change Dir: C:/Users/Matt/Code/etterna/out/build/x64-Debug/CMakeFiles/CMakeTmp

Run Build Command(s):C:/Program Files (x86)/Microsoft Visual Studio/2019/Community/Common7/IDE/CommonExtensions/Microsoft/CMake/Ninja/ninja.exe cmTC_3e943 && [1/2] Building C object CMakeFiles\cmTC_3e943.dir\HAVE_SYS_IOCTL_H.c.obj
FAILED: CMakeFiles/cmTC_3e943.dir/HAVE_SYS_IOCTL_H.c.obj 
C:\PROGRA~2\MICROS~2\2019\COMMUN~1\VC\Tools\MSVC\1429~1.301\bin\Hostx64\x64\cl.exe  /nologo  -I"C:\Program Files\OpenSSL-Win64\include" /DWIN32 /D_WINDOWS  /Zi /Ob0 /Od /RTC1 -MTd    -D_WIN32_WINNT=0x0600 -D_WINSOCKAPI_= /showIncludes /FoCMakeFiles\cmTC_3e943.dir\HAVE_SYS_IOCTL_H.c.obj /FdCMakeFiles\cmTC_3e943.dir\ /FS -c C:\Users\Matt\Code\etterna\out\build\x64-Debug\CMakeFiles\CheckIncludeFiles\HAVE_SYS_IOCTL_H.c
C:\Users\Matt\Code\etterna\out\build\x64-Debug\CMakeFiles\CheckIncludeFiles\HAVE_SYS_IOCTL_H.c(7): fatal error C1083: Cannot open include file: 'sys/ioctl.h': No such file or directory
ninja: build stopped: subcommand failed.


Source:
/* */
#include <windows.h>
#include <ws2tcpip.h>
#include <winsock2.h>
#include <wincrypt.h>
#include <stdio.h>
#include <sys/ioctl.h>


int main(void){return 0;}

Determining if files windows.h;ws2tcpip.h;winsock2.h;wincrypt.h;stdio.h;sys/resource.h exist failed with the following output:
Change Dir: C:/Users/Matt/Code/etterna/out/build/x64-Debug/CMakeFiles/CMakeTmp

Run Build Command(s):C:/Program Files (x86)/Microsoft Visual Studio/2019/Community/Common7/IDE/CommonExtensions/Microsoft/CMake/Ninja/ninja.exe cmTC_d9796 && [1/2] Building C object CMakeFiles\cmTC_d9796.dir\HAVE_SYS_RESOURCE_H.c.obj
FAILED: CMakeFiles/cmTC_d9796.dir/HAVE_SYS_RESOURCE_H.c.obj 
C:\PROGRA~2\MICROS~2\2019\COMMUN~1\VC\Tools\MSVC\1429~1.301\bin\Hostx64\x64\cl.exe  /nologo  -I"C:\Program Files\OpenSSL-Win64\include" /DWIN32 /D_WINDOWS  /Zi /Ob0 /Od /RTC1 -MTd    -D_WIN32_WINNT=0x0600 -D_WINSOCKAPI_= /showIncludes /FoCMakeFiles\cmTC_d9796.dir\HAVE_SYS_RESOURCE_H.c.obj /FdCMakeFiles\cmTC_d9796.dir\ /FS -c C:\Users\Matt\Code\etterna\out\build\x64-Debug\CMakeFiles\CheckIncludeFiles\HAVE_SYS_RESOURCE_H.c
C:\Users\Matt\Code\etterna\out\build\x64-Debug\CMakeFiles\CheckIncludeFiles\HAVE_SYS_RESOURCE_H.c(7): fatal error C1083: Cannot open include file: 'sys/resource.h': No such file or directory
ninja: build stopped: subcommand failed.


Source:
/* */
#include <windows.h>
#include <ws2tcpip.h>
#include <winsock2.h>
#include <wincrypt.h>
#include <stdio.h>
#include <sys/resource.h>


int main(void){return 0;}

Determining if files windows.h;ws2tcpip.h;winsock2.h;wincrypt.h;stdio.h;sys/stat.h;sys/types.h;sys/uio.h exist failed with the following output:
Change Dir: C:/Users/Matt/Code/etterna/out/build/x64-Debug/CMakeFiles/CMakeTmp

Run Build Command(s):C:/Program Files (x86)/Microsoft Visual Studio/2019/Community/Common7/IDE/CommonExtensions/Microsoft/CMake/Ninja/ninja.exe cmTC_a30e5 && [1/2] Building C object CMakeFiles\cmTC_a30e5.dir\HAVE_SYS_UIO_H.c.obj
FAILED: CMakeFiles/cmTC_a30e5.dir/HAVE_SYS_UIO_H.c.obj 
C:\PROGRA~2\MICROS~2\2019\COMMUN~1\VC\Tools\MSVC\1429~1.301\bin\Hostx64\x64\cl.exe  /nologo  -I"C:\Program Files\OpenSSL-Win64\include" /DWIN32 /D_WINDOWS  /Zi /Ob0 /Od /RTC1 -MTd    -D_WIN32_WINNT=0x0600 -D_WINSOCKAPI_= /showIncludes /FoCMakeFiles\cmTC_a30e5.dir\HAVE_SYS_UIO_H.c.obj /FdCMakeFiles\cmTC_a30e5.dir\ /FS -c C:\Users\Matt\Code\etterna\out\build\x64-Debug\CMakeFiles\CheckIncludeFiles\HAVE_SYS_UIO_H.c
C:\Users\Matt\Code\etterna\out\build\x64-Debug\CMakeFiles\CheckIncludeFiles\HAVE_SYS_UIO_H.c(9): fatal error C1083: Cannot open include file: 'sys/uio.h': No such file or directory
ninja: build stopped: subcommand failed.


Source:
/* */
#include <windows.h>
#include <ws2tcpip.h>
#include <winsock2.h>
#include <wincrypt.h>
#include <stdio.h>
#include <sys/stat.h>
#include <sys/types.h>
#include <sys/uio.h>


int main(void){return 0;}

Determining if files windows.h;ws2tcpip.h;winsock2.h;wincrypt.h;stdio.h;sys/stat.h;sys/types.h;sys/un.h exist failed with the following output:
Change Dir: C:/Users/Matt/Code/etterna/out/build/x64-Debug/CMakeFiles/CMakeTmp

Run Build Command(s):C:/Program Files (x86)/Microsoft Visual Studio/2019/Community/Common7/IDE/CommonExtensions/Microsoft/CMake/Ninja/ninja.exe cmTC_e8a3f && [1/2] Building C object CMakeFiles\cmTC_e8a3f.dir\HAVE_SYS_UN_H.c.obj
FAILED: CMakeFiles/cmTC_e8a3f.dir/HAVE_SYS_UN_H.c.obj 
C:\PROGRA~2\MICROS~2\2019\COMMUN~1\VC\Tools\MSVC\1429~1.301\bin\Hostx64\x64\cl.exe  /nologo  -I"C:\Program Files\OpenSSL-Win64\include" /DWIN32 /D_WINDOWS  /Zi /Ob0 /Od /RTC1 -MTd    -D_WIN32_WINNT=0x0600 -D_WINSOCKAPI_= /showIncludes /FoCMakeFiles\cmTC_e8a3f.dir\HAVE_SYS_UN_H.c.obj /FdCMakeFiles\cmTC_e8a3f.dir\ /FS -c C:\Users\Matt\Code\etterna\out\build\x64-Debug\CMakeFiles\CheckIncludeFiles\HAVE_SYS_UN_H.c
C:\Users\Matt\Code\etterna\out\build\x64-Debug\CMakeFiles\CheckIncludeFiles\HAVE_SYS_UN_H.c(9): fatal error C1083: Cannot open include file: 'sys/un.h': No such file or directory
ninja: build stopped: subcommand failed.


Source:
/* */
#include <windows.h>
#include <ws2tcpip.h>
#include <winsock2.h>
#include <wincrypt.h>
#include <stdio.h>
#include <sys/stat.h>
#include <sys/types.h>
#include <sys/un.h>


int main(void){return 0;}

Determining if files windows.h;ws2tcpip.h;winsock2.h;wincrypt.h;stdio.h;sys/stat.h;sys/types.h;sys/utime.h;sys/xattr.h exist failed with the following output:
Change Dir: C:/Users/Matt/Code/etterna/out/build/x64-Debug/CMakeFiles/CMakeTmp

Run Build Command(s):C:/Program Files (x86)/Microsoft Visual Studio/2019/Community/Common7/IDE/CommonExtensions/Microsoft/CMake/Ninja/ninja.exe cmTC_9d646 && [1/2] Building C object CMakeFiles\cmTC_9d646.dir\HAVE_SYS_XATTR_H.c.obj
FAILED: CMakeFiles/cmTC_9d646.dir/HAVE_SYS_XATTR_H.c.obj 
C:\PROGRA~2\MICROS~2\2019\COMMUN~1\VC\Tools\MSVC\1429~1.301\bin\Hostx64\x64\cl.exe  /nologo  -I"C:\Program Files\OpenSSL-Win64\include" /DWIN32 /D_WINDOWS  /Zi /Ob0 /Od /RTC1 -MTd    -D_WIN32_WINNT=0x0600 -D_WINSOCKAPI_= /showIncludes /FoCMakeFiles\cmTC_9d646.dir\HAVE_SYS_XATTR_H.c.obj /FdCMakeFiles\cmTC_9d646.dir\ /FS -c C:\Users\Matt\Code\etterna\out\build\x64-Debug\CMakeFiles\CheckIncludeFiles\HAVE_SYS_XATTR_H.c
C:\Users\Matt\Code\etterna\out\build\x64-Debug\CMakeFiles\CheckIncludeFiles\HAVE_SYS_XATTR_H.c(10): fatal error C1083: Cannot open include file: 'sys/xattr.h': No such file or directory
ninja: build stopped: subcommand failed.


Source:
/* */
#include <windows.h>
#include <ws2tcpip.h>
#include <winsock2.h>
#include <wincrypt.h>
#include <stdio.h>
#include <sys/stat.h>
#include <sys/types.h>
#include <sys/utime.h>
#include <sys/xattr.h>


int main(void){return 0;}

Determining if files windows.h;ws2tcpip.h;winsock2.h;wincrypt.h;stdio.h;sys/stat.h;sys/types.h;sys/utime.h;arpa/tftp.h exist failed with the following output:
Change Dir: C:/Users/Matt/Code/etterna/out/build/x64-Debug/CMakeFiles/CMakeTmp

Run Build Command(s):C:/Program Files (x86)/Microsoft Visual Studio/2019/Community/Common7/IDE/CommonExtensions/Microsoft/CMake/Ninja/ninja.exe cmTC_ff62e && [1/2] Building C object CMakeFiles\cmTC_ff62e.dir\HAVE_ARPA_TFTP_H.c.obj
FAILED: CMakeFiles/cmTC_ff62e.dir/HAVE_ARPA_TFTP_H.c.obj 
C:\PROGRA~2\MICROS~2\2019\COMMUN~1\VC\Tools\MSVC\1429~1.301\bin\Hostx64\x64\cl.exe  /nologo  -I"C:\Program Files\OpenSSL-Win64\include" /DWIN32 /D_WINDOWS  /Zi /Ob0 /Od /RTC1 -MTd    -D_WIN32_WINNT=0x0600 -D_WINSOCKAPI_= /showIncludes /FoCMakeFiles\cmTC_ff62e.dir\HAVE_ARPA_TFTP_H.c.obj /FdCMakeFiles\cmTC_ff62e.dir\ /FS -c C:\Users\Matt\Code\etterna\out\build\x64-Debug\CMakeFiles\CheckIncludeFiles\HAVE_ARPA_TFTP_H.c
C:\Users\Matt\Code\etterna\out\build\x64-Debug\CMakeFiles\CheckIncludeFiles\HAVE_ARPA_TFTP_H.c(10): fatal error C1083: Cannot open include file: 'arpa/tftp.h': No such file or directory
ninja: build stopped: subcommand failed.


Source:
/* */
#include <windows.h>
#include <ws2tcpip.h>
#include <winsock2.h>
#include <wincrypt.h>
#include <stdio.h>
#include <sys/stat.h>
#include <sys/types.h>
#include <sys/utime.h>
#include <arpa/tftp.h>


int main(void){return 0;}

Determining if files windows.h;ws2tcpip.h;winsock2.h;wincrypt.h;stdio.h;sys/stat.h;sys/types.h;sys/utime.h;assert.h;errno.h;fcntl.h;idn2.h exist failed with the following output:
Change Dir: C:/Users/Matt/Code/etterna/out/build/x64-Debug/CMakeFiles/CMakeTmp

Run Build Command(s):C:/Program Files (x86)/Microsoft Visual Studio/2019/Community/Common7/IDE/CommonExtensions/Microsoft/CMake/Ninja/ninja.exe cmTC_812d4 && [1/2] Building C object CMakeFiles\cmTC_812d4.dir\HAVE_IDN2_H.c.obj
FAILED: CMakeFiles/cmTC_812d4.dir/HAVE_IDN2_H.c.obj 
C:\PROGRA~2\MICROS~2\2019\COMMUN~1\VC\Tools\MSVC\1429~1.301\bin\Hostx64\x64\cl.exe  /nologo  -I"C:\Program Files\OpenSSL-Win64\include" /DWIN32 /D_WINDOWS  /Zi /Ob0 /Od /RTC1 -MTd    -D_WIN32_WINNT=0x0600 -D_WINSOCKAPI_= /showIncludes /FoCMakeFiles\cmTC_812d4.dir\HAVE_IDN2_H.c.obj /FdCMakeFiles\cmTC_812d4.dir\ /FS -c C:\Users\Matt\Code\etterna\out\build\x64-Debug\CMakeFiles\CheckIncludeFiles\HAVE_IDN2_H.c
C:\Users\Matt\Code\etterna\out\build\x64-Debug\CMakeFiles\CheckIncludeFiles\HAVE_IDN2_H.c(13): fatal error C1083: Cannot open include file: 'idn2.h': No such file or directory
ninja: build stopped: subcommand failed.


Source:
/* */
#include <windows.h>
#include <ws2tcpip.h>
#include <winsock2.h>
#include <wincrypt.h>
#include <stdio.h>
#include <sys/stat.h>
#include <sys/types.h>
#include <sys/utime.h>
#include <assert.h>
#include <errno.h>
#include <fcntl.h>
#include <idn2.h>


int main(void){return 0;}

Determining if files windows.h;ws2tcpip.h;winsock2.h;wincrypt.h;stdio.h;sys/stat.h;sys/types.h;sys/utime.h;assert.h;errno.h;fcntl.h;ifaddrs.h exist failed with the following output:
Change Dir: C:/Users/Matt/Code/etterna/out/build/x64-Debug/CMakeFiles/CMakeTmp

Run Build Command(s):C:/Program Files (x86)/Microsoft Visual Studio/2019/Community/Common7/IDE/CommonExtensions/Microsoft/CMake/Ninja/ninja.exe cmTC_6566d && [1/2] Building C object CMakeFiles\cmTC_6566d.dir\HAVE_IFADDRS_H.c.obj
FAILED: CMakeFiles/cmTC_6566d.dir/HAVE_IFADDRS_H.c.obj 
C:\PROGRA~2\MICROS~2\2019\COMMUN~1\VC\Tools\MSVC\1429~1.301\bin\Hostx64\x64\cl.exe  /nologo  -I"C:\Program Files\OpenSSL-Win64\include" /DWIN32 /D_WINDOWS  /Zi /Ob0 /Od /RTC1 -MTd    -D_WIN32_WINNT=0x0600 -D_WINSOCKAPI_= /showIncludes /FoCMakeFiles\cmTC_6566d.dir\HAVE_IFADDRS_H.c.obj /FdCMakeFiles\cmTC_6566d.dir\ /FS -c C:\Users\Matt\Code\etterna\out\build\x64-Debug\CMakeFiles\CheckIncludeFiles\HAVE_IFADDRS_H.c
C:\Users\Matt\Code\etterna\out\build\x64-Debug\CMakeFiles\CheckIncludeFiles\HAVE_IFADDRS_H.c(13): fatal error C1083: Cannot open include file: 'ifaddrs.h': No such file or directory
ninja: build stopped: subcommand failed.


Source:
/* */
#include <windows.h>
#include <ws2tcpip.h>
#include <winsock2.h>
#include <wincrypt.h>
#include <stdio.h>
#include <sys/stat.h>
#include <sys/types.h>
#include <sys/utime.h>
#include <assert.h>
#include <errno.h>
#include <fcntl.h>
#include <ifaddrs.h>


int main(void){return 0;}

Determining if files windows.h;ws2tcpip.h;winsock2.h;wincrypt.h;stdio.h;sys/stat.h;sys/types.h;sys/utime.h;assert.h;errno.h;fcntl.h;io.h;krb.h exist failed with the following output:
Change Dir: C:/Users/Matt/Code/etterna/out/build/x64-Debug/CMakeFiles/CMakeTmp

Run Build Command(s):C:/Program Files (x86)/Microsoft Visual Studio/2019/Community/Common7/IDE/CommonExtensions/Microsoft/CMake/Ninja/ninja.exe cmTC_972de && [1/2] Building C object CMakeFiles\cmTC_972de.dir\HAVE_KRB_H.c.obj
FAILED: CMakeFiles/cmTC_972de.dir/HAVE_KRB_H.c.obj 
C:\PROGRA~2\MICROS~2\2019\COMMUN~1\VC\Tools\MSVC\1429~1.301\bin\Hostx64\x64\cl.exe  /nologo  -I"C:\Program Files\OpenSSL-Win64\include" /DWIN32 /D_WINDOWS  /Zi /Ob0 /Od /RTC1 -MTd    -D_WIN32_WINNT=0x0600 -D_WINSOCKAPI_= /showIncludes /FoCMakeFiles\cmTC_972de.dir\HAVE_KRB_H.c.obj /FdCMakeFiles\cmTC_972de.dir\ /FS -c C:\Users\Matt\Code\etterna\out\build\x64-Debug\CMakeFiles\CheckIncludeFiles\HAVE_KRB_H.c
C:\Users\Matt\Code\etterna\out\build\x64-Debug\CMakeFiles\CheckIncludeFiles\HAVE_KRB_H.c(14): fatal error C1083: Cannot open include file: 'krb.h': No such file or directory
ninja: build stopped: subcommand failed.


Source:
/* */
#include <windows.h>
#include <ws2tcpip.h>
#include <winsock2.h>
#include <wincrypt.h>
#include <stdio.h>
#include <sys/stat.h>
#include <sys/types.h>
#include <sys/utime.h>
#include <assert.h>
#include <errno.h>
#include <fcntl.h>
#include <io.h>
#include <krb.h>


int main(void){return 0;}

Determining if files windows.h;ws2tcpip.h;winsock2.h;wincrypt.h;stdio.h;sys/stat.h;sys/types.h;sys/utime.h;assert.h;errno.h;fcntl.h;io.h;libgen.h exist failed with the following output:
Change Dir: C:/Users/Matt/Code/etterna/out/build/x64-Debug/CMakeFiles/CMakeTmp

Run Build Command(s):C:/Program Files (x86)/Microsoft Visual Studio/2019/Community/Common7/IDE/CommonExtensions/Microsoft/CMake/Ninja/ninja.exe cmTC_8d38d && [1/2] Building C object CMakeFiles\cmTC_8d38d.dir\HAVE_LIBGEN_H.c.obj
FAILED: CMakeFiles/cmTC_8d38d.dir/HAVE_LIBGEN_H.c.obj 
C:\PROGRA~2\MICROS~2\2019\COMMUN~1\VC\Tools\MSVC\1429~1.301\bin\Hostx64\x64\cl.exe  /nologo  -I"C:\Program Files\OpenSSL-Win64\include" /DWIN32 /D_WINDOWS  /Zi /Ob0 /Od /RTC1 -MTd    -D_WIN32_WINNT=0x0600 -D_WINSOCKAPI_= /showIncludes /FoCMakeFiles\cmTC_8d38d.dir\HAVE_LIBGEN_H.c.obj /FdCMakeFiles\cmTC_8d38d.dir\ /FS -c C:\Users\Matt\Code\etterna\out\build\x64-Debug\CMakeFiles\CheckIncludeFiles\HAVE_LIBGEN_H.c
C:\Users\Matt\Code\etterna\out\build\x64-Debug\CMakeFiles\CheckIncludeFiles\HAVE_LIBGEN_H.c(14): fatal error C1083: Cannot open include file: 'libgen.h': No such file or directory
ninja: build stopped: subcommand failed.


Source:
/* */
#include <windows.h>
#include <ws2tcpip.h>
#include <winsock2.h>
#include <wincrypt.h>
#include <stdio.h>
#include <sys/stat.h>
#include <sys/types.h>
#include <sys/utime.h>
#include <assert.h>
#include <errno.h>
#include <fcntl.h>
#include <io.h>
#include <libgen.h>


int main(void){return 0;}

Determining if files windows.h;ws2tcpip.h;winsock2.h;wincrypt.h;stdio.h;sys/stat.h;sys/types.h;sys/utime.h;assert.h;errno.h;fcntl.h;io.h;locale.h;netinet/tcp.h exist failed with the following output:
Change Dir: C:/Users/Matt/Code/etterna/out/build/x64-Debug/CMakeFiles/CMakeTmp

Run Build Command(s):C:/Program Files (x86)/Microsoft Visual Studio/2019/Community/Common7/IDE/CommonExtensions/Microsoft/CMake/Ninja/ninja.exe cmTC_cd289 && [1/2] Building C object CMakeFiles\cmTC_cd289.dir\HAVE_NETINET_TCP_H.c.obj
FAILED: CMakeFiles/cmTC_cd289.dir/HAVE_NETINET_TCP_H.c.obj 
C:\PROGRA~2\MICROS~2\2019\COMMUN~1\VC\Tools\MSVC\1429~1.301\bin\Hostx64\x64\cl.exe  /nologo  -I"C:\Program Files\OpenSSL-Win64\include" /DWIN32 /D_WINDOWS  /Zi /Ob0 /Od /RTC1 -MTd    -D_WIN32_WINNT=0x0600 -D_WINSOCKAPI_= /showIncludes /FoCMakeFiles\cmTC_cd289.dir\HAVE_NETINET_TCP_H.c.obj /FdCMakeFiles\cmTC_cd289.dir\ /FS -c C:\Users\Matt\Code\etterna\out\build\x64-Debug\CMakeFiles\CheckIncludeFiles\HAVE_NETINET_TCP_H.c
C:\Users\Matt\Code\etterna\out\build\x64-Debug\CMakeFiles\CheckIncludeFiles\HAVE_NETINET_TCP_H.c(15): fatal error C1083: Cannot open include file: 'netinet/tcp.h': No such file or directory
ninja: build stopped: subcommand failed.


Source:
/* */
#include <windows.h>
#include <ws2tcpip.h>
#include <winsock2.h>
#include <wincrypt.h>
#include <stdio.h>
#include <sys/stat.h>
#include <sys/types.h>
#include <sys/utime.h>
#include <assert.h>
#include <errno.h>
#include <fcntl.h>
#include <io.h>
#include <locale.h>
#include <netinet/tcp.h>


int main(void){return 0;}

Determining if the include file linux/tcp.h exists failed with the following output:
Change Dir: C:/Users/Matt/Code/etterna/out/build/x64-Debug/CMakeFiles/CMakeTmp

Run Build Command(s):C:/Program Files (x86)/Microsoft Visual Studio/2019/Community/Common7/IDE/CommonExtensions/Microsoft/CMake/Ninja/ninja.exe cmTC_bea41 && [1/2] Building C object CMakeFiles\cmTC_bea41.dir\CheckIncludeFile.c.obj
FAILED: CMakeFiles/cmTC_bea41.dir/CheckIncludeFile.c.obj 
C:\PROGRA~2\MICROS~2\2019\COMMUN~1\VC\Tools\MSVC\1429~1.301\bin\Hostx64\x64\cl.exe  /nologo  -I"C:\Program Files\OpenSSL-Win64\include" /DWIN32 /D_WINDOWS  /Zi /Ob0 /Od /RTC1 -MTd    -D_WIN32_WINNT=0x0600 -D_WINSOCKAPI_= /showIncludes /FoCMakeFiles\cmTC_bea41.dir\CheckIncludeFile.c.obj /FdCMakeFiles\cmTC_bea41.dir\ /FS -c CheckIncludeFile.c
CheckIncludeFile.c(1): fatal error C1083: Cannot open include file: 'linux/tcp.h': No such file or directory
ninja: build stopped: subcommand failed.



Determining if files windows.h;ws2tcpip.h;winsock2.h;wincrypt.h;stdio.h;sys/stat.h;sys/types.h;sys/utime.h;assert.h;errno.h;fcntl.h;io.h;locale.h;pem.h exist failed with the following output:
Change Dir: C:/Users/Matt/Code/etterna/out/build/x64-Debug/CMakeFiles/CMakeTmp

Run Build Command(s):C:/Program Files (x86)/Microsoft Visual Studio/2019/Community/Common7/IDE/CommonExtensions/Microsoft/CMake/Ninja/ninja.exe cmTC_76ea4 && [1/2] Building C object CMakeFiles\cmTC_76ea4.dir\HAVE_PEM_H.c.obj
FAILED: CMakeFiles/cmTC_76ea4.dir/HAVE_PEM_H.c.obj 
C:\PROGRA~2\MICROS~2\2019\COMMUN~1\VC\Tools\MSVC\1429~1.301\bin\Hostx64\x64\cl.exe  /nologo  -I"C:\Program Files\OpenSSL-Win64\include" /DWIN32 /D_WINDOWS  /Zi /Ob0 /Od /RTC1 -MTd    -D_WIN32_WINNT=0x0600 -D_WINSOCKAPI_= /showIncludes /FoCMakeFiles\cmTC_76ea4.dir\HAVE_PEM_H.c.obj /FdCMakeFiles\cmTC_76ea4.dir\ /FS -c C:\Users\Matt\Code\etterna\out\build\x64-Debug\CMakeFiles\CheckIncludeFiles\HAVE_PEM_H.c
C:\Users\Matt\Code\etterna\out\build\x64-Debug\CMakeFiles\CheckIncludeFiles\HAVE_PEM_H.c(15): fatal error C1083: Cannot open include file: 'pem.h': No such file or directory
ninja: build stopped: subcommand failed.


Source:
/* */
#include <windows.h>
#include <ws2tcpip.h>
#include <winsock2.h>
#include <wincrypt.h>
#include <stdio.h>
#include <sys/stat.h>
#include <sys/types.h>
#include <sys/utime.h>
#include <assert.h>
#include <errno.h>
#include <fcntl.h>
#include <io.h>
#include <locale.h>
#include <pem.h>


int main(void){return 0;}

Determining if files windows.h;ws2tcpip.h;winsock2.h;wincrypt.h;stdio.h;sys/stat.h;sys/types.h;sys/utime.h;assert.h;errno.h;fcntl.h;io.h;locale.h;poll.h exist failed with the following output:
Change Dir: C:/Users/Matt/Code/etterna/out/build/x64-Debug/CMakeFiles/CMakeTmp

Run Build Command(s):C:/Program Files (x86)/Microsoft Visual Studio/2019/Community/Common7/IDE/CommonExtensions/Microsoft/CMake/Ninja/ninja.exe cmTC_de995 && [1/2] Building C object CMakeFiles\cmTC_de995.dir\HAVE_POLL_H.c.obj
FAILED: CMakeFiles/cmTC_de995.dir/HAVE_POLL_H.c.obj 
C:\PROGRA~2\MICROS~2\2019\COMMUN~1\VC\Tools\MSVC\1429~1.301\bin\Hostx64\x64\cl.exe  /nologo  -I"C:\Program Files\OpenSSL-Win64\include" /DWIN32 /D_WINDOWS  /Zi /Ob0 /Od /RTC1 -MTd    -D_WIN32_WINNT=0x0600 -D_WINSOCKAPI_= /showIncludes /FoCMakeFiles\cmTC_de995.dir\HAVE_POLL_H.c.obj /FdCMakeFiles\cmTC_de995.dir\ /FS -c C:\Users\Matt\Code\etterna\out\build\x64-Debug\CMakeFiles\CheckIncludeFiles\HAVE_POLL_H.c
C:\Users\Matt\Code\etterna\out\build\x64-Debug\CMakeFiles\CheckIncludeFiles\HAVE_POLL_H.c(15): fatal error C1083: Cannot open include file: 'poll.h': No such file or directory
ninja: build stopped: subcommand failed.


Source:
/* */
#include <windows.h>
#include <ws2tcpip.h>
#include <winsock2.h>
#include <wincrypt.h>
#include <stdio.h>
#include <sys/stat.h>
#include <sys/types.h>
#include <sys/utime.h>
#include <assert.h>
#include <errno.h>
#include <fcntl.h>
#include <io.h>
#include <locale.h>
#include <poll.h>


int main(void){return 0;}

Determining if files windows.h;ws2tcpip.h;winsock2.h;wincrypt.h;stdio.h;sys/stat.h;sys/types.h;sys/utime.h;assert.h;errno.h;fcntl.h;io.h;locale.h;setjmp.h;signal.h;ssl.h exist failed with the following output:
Change Dir: C:/Users/Matt/Code/etterna/out/build/x64-Debug/CMakeFiles/CMakeTmp

Run Build Command(s):C:/Program Files (x86)/Microsoft Visual Studio/2019/Community/Common7/IDE/CommonExtensions/Microsoft/CMake/Ninja/ninja.exe cmTC_cfd0c && [1/2] Building C object CMakeFiles\cmTC_cfd0c.dir\HAVE_SSL_H.c.obj
FAILED: CMakeFiles/cmTC_cfd0c.dir/HAVE_SSL_H.c.obj 
C:\PROGRA~2\MICROS~2\2019\COMMUN~1\VC\Tools\MSVC\1429~1.301\bin\Hostx64\x64\cl.exe  /nologo  -I"C:\Program Files\OpenSSL-Win64\include" /DWIN32 /D_WINDOWS  /Zi /Ob0 /Od /RTC1 -MTd    -D_WIN32_WINNT=0x0600 -D_WINSOCKAPI_= /showIncludes /FoCMakeFiles\cmTC_cfd0c.dir\HAVE_SSL_H.c.obj /FdCMakeFiles\cmTC_cfd0c.dir\ /FS -c C:\Users\Matt\Code\etterna\out\build\x64-Debug\CMakeFiles\CheckIncludeFiles\HAVE_SSL_H.c
C:\Users\Matt\Code\etterna\out\build\x64-Debug\CMakeFiles\CheckIncludeFiles\HAVE_SSL_H.c(17): fatal error C1083: Cannot open include file: 'ssl.h': No such file or directory
ninja: build stopped: subcommand failed.


Source:
/* */
#include <windows.h>
#include <ws2tcpip.h>
#include <winsock2.h>
#include <wincrypt.h>
#include <stdio.h>
#include <sys/stat.h>
#include <sys/types.h>
#include <sys/utime.h>
#include <assert.h>
#include <errno.h>
#include <fcntl.h>
#include <io.h>
#include <locale.h>
#include <setjmp.h>
#include <signal.h>
#include <ssl.h>


int main(void){return 0;}

Determining if files windows.h;ws2tcpip.h;winsock2.h;wincrypt.h;stdio.h;sys/stat.h;sys/types.h;sys/utime.h;assert.h;errno.h;fcntl.h;io.h;locale.h;setjmp.h;signal.h;stdbool.h;stdio.h;stdlib.h;string.h;stropts.h exist failed with the following output:
Change Dir: C:/Users/Matt/Code/etterna/out/build/x64-Debug/CMakeFiles/CMakeTmp

Run Build Command(s):C:/Program Files (x86)/Microsoft Visual Studio/2019/Community/Common7/IDE/CommonExtensions/Microsoft/CMake/Ninja/ninja.exe cmTC_a4a5e && [1/2] Building C object CMakeFiles\cmTC_a4a5e.dir\HAVE_STROPTS_H.c.obj
FAILED: CMakeFiles/cmTC_a4a5e.dir/HAVE_STROPTS_H.c.obj 
C:\PROGRA~2\MICROS~2\2019\COMMUN~1\VC\Tools\MSVC\1429~1.301\bin\Hostx64\x64\cl.exe  /nologo  -I"C:\Program Files\OpenSSL-Win64\include" /DWIN32 /D_WINDOWS  /Zi /Ob0 /Od /RTC1 -MTd    -D_WIN32_WINNT=0x0600 -D_WINSOCKAPI_= /showIncludes /FoCMakeFiles\cmTC_a4a5e.dir\HAVE_STROPTS_H.c.obj /FdCMakeFiles\cmTC_a4a5e.dir\ /FS -c C:\Users\Matt\Code\etterna\out\build\x64-Debug\CMakeFiles\CheckIncludeFiles\HAVE_STROPTS_H.c
C:\Users\Matt\Code\etterna\out\build\x64-Debug\CMakeFiles\CheckIncludeFiles\HAVE_STROPTS_H.c(21): fatal error C1083: Cannot open include file: 'stropts.h': No such file or directory
ninja: build stopped: subcommand failed.


Source:
/* */
#include <windows.h>
#include <ws2tcpip.h>
#include <winsock2.h>
#include <wincrypt.h>
#include <stdio.h>
#include <sys/stat.h>
#include <sys/types.h>
#include <sys/utime.h>
#include <assert.h>
#include <errno.h>
#include <fcntl.h>
#include <io.h>
#include <locale.h>
#include <setjmp.h>
#include <signal.h>
#include <stdbool.h>
#include <stdio.h>
#include <stdlib.h>
#include <string.h>
#include <stropts.h>


int main(void){return 0;}

Determining if files windows.h;ws2tcpip.h;winsock2.h;wincrypt.h;stdio.h;sys/stat.h;sys/types.h;sys/utime.h;assert.h;errno.h;fcntl.h;io.h;locale.h;setjmp.h;signal.h;stdbool.h;stdio.h;stdlib.h;string.h;time.h;process.h;stddef.h;malloc.h;memory.h;sys/utsname.h exist failed with the following output:
Change Dir: C:/Users/Matt/Code/etterna/out/build/x64-Debug/CMakeFiles/CMakeTmp

Run Build Command(s):C:/Program Files (x86)/Microsoft Visual Studio/2019/Community/Common7/IDE/CommonExtensions/Microsoft/CMake/Ninja/ninja.exe cmTC_450cb && [1/2] Building C object CMakeFiles\cmTC_450cb.dir\HAVE_SYS_UTSNAME_H.c.obj
FAILED: CMakeFiles/cmTC_450cb.dir/HAVE_SYS_UTSNAME_H.c.obj 
C:\PROGRA~2\MICROS~2\2019\COMMUN~1\VC\Tools\MSVC\1429~1.301\bin\Hostx64\x64\cl.exe  /nologo  -I"C:\Program Files\OpenSSL-Win64\include" /DWIN32 /D_WINDOWS  /Zi /Ob0 /Od /RTC1 -MTd    -D_WIN32_WINNT=0x0600 -D_WINSOCKAPI_= /showIncludes /FoCMakeFiles\cmTC_450cb.dir\HAVE_SYS_UTSNAME_H.c.obj /FdCMakeFiles\cmTC_450cb.dir\ /FS -c C:\Users\Matt\Code\etterna\out\build\x64-Debug\CMakeFiles\CheckIncludeFiles\HAVE_SYS_UTSNAME_H.c
C:\Users\Matt\Code\etterna\out\build\x64-Debug\CMakeFiles\CheckIncludeFiles\HAVE_SYS_UTSNAME_H.c(26): fatal error C1083: Cannot open include file: 'sys/utsname.h': No such file or directory
ninja: build stopped: subcommand failed.


Source:
/* */
#include <windows.h>
#include <ws2tcpip.h>
#include <winsock2.h>
#include <wincrypt.h>
#include <stdio.h>
#include <sys/stat.h>
#include <sys/types.h>
#include <sys/utime.h>
#include <assert.h>
#include <errno.h>
#include <fcntl.h>
#include <io.h>
#include <locale.h>
#include <setjmp.h>
#include <signal.h>
#include <stdbool.h>
#include <stdio.h>
#include <stdlib.h>
#include <string.h>
#include <time.h>
#include <process.h>
#include <stddef.h>
#include <malloc.h>
#include <memory.h>
#include <sys/utsname.h>


int main(void){return 0;}

Determining size of ssize_t failed with the following output:
Change Dir: C:/Users/Matt/Code/etterna/out/build/x64-Debug/CMakeFiles/CMakeTmp

Run Build Command(s):C:/Program Files (x86)/Microsoft Visual Studio/2019/Community/Common7/IDE/CommonExtensions/Microsoft/CMake/Ninja/ninja.exe cmTC_74394 && [1/2] Building C object CMakeFiles\cmTC_74394.dir\SIZEOF_SSIZE_T.c.obj
FAILED: CMakeFiles/cmTC_74394.dir/SIZEOF_SSIZE_T.c.obj 
C:\PROGRA~2\MICROS~2\2019\COMMUN~1\VC\Tools\MSVC\1429~1.301\bin\Hostx64\x64\cl.exe  /nologo  -I"C:\Program Files\OpenSSL-Win64\include" /DWIN32 /D_WINDOWS  /Zi /Ob0 /Od /RTC1 -MTd    -D_WIN32_WINNT=0x0600 -D_WINSOCKAPI_= /showIncludes /FoCMakeFiles\cmTC_74394.dir\SIZEOF_SSIZE_T.c.obj /FdCMakeFiles\cmTC_74394.dir\ /FS -c C:\Users\Matt\Code\etterna\out\build\x64-Debug\CMakeFiles\CheckTypeSize\SIZEOF_SSIZE_T.c
C:\Users\Matt\Code\etterna\out\build\x64-Debug\CMakeFiles\CheckTypeSize\SIZEOF_SSIZE_T.c(28): error C2065: 'ssize_t': undeclared identifier
C:\Users\Matt\Code\etterna\out\build\x64-Debug\CMakeFiles\CheckTypeSize\SIZEOF_SSIZE_T.c(29): error C2065: 'ssize_t': undeclared identifier
C:\Users\Matt\Code\etterna\out\build\x64-Debug\CMakeFiles\CheckTypeSize\SIZEOF_SSIZE_T.c(30): error C2065: 'ssize_t': undeclared identifier
C:\Users\Matt\Code\etterna\out\build\x64-Debug\CMakeFiles\CheckTypeSize\SIZEOF_SSIZE_T.c(31): error C2065: 'ssize_t': undeclared identifier
C:\Users\Matt\Code\etterna\out\build\x64-Debug\CMakeFiles\CheckTypeSize\SIZEOF_SSIZE_T.c(32): error C2065: 'ssize_t': undeclared identifier
ninja: build stopped: subcommand failed.


C:/Users/Matt/Code/etterna/out/build/x64-Debug/CMakeFiles/CheckTypeSize/SIZEOF_SSIZE_T.c:
#include <sys/types.h>
#include <stddef.h>


#undef KEY
#if defined(__i386)
# define KEY '_','_','i','3','8','6'
#elif defined(__x86_64)
# define KEY '_','_','x','8','6','_','6','4'
#elif defined(__PPC64__)
# define KEY '_','_','P','P','C','6','4','_','_'
#elif defined(__ppc64__)
# define KEY '_','_','p','p','c','6','4','_','_'
#elif defined(__PPC__)
# define KEY '_','_','P','P','C','_','_'
#elif defined(__ppc__)
# define KEY '_','_','p','p','c','_','_'
#elif defined(__aarch64__)
# define KEY '_','_','a','a','r','c','h','6','4','_','_'
#elif defined(__ARM_ARCH_7A__)
# define KEY '_','_','A','R','M','_','A','R','C','H','_','7','A','_','_'
#elif defined(__ARM_ARCH_7S__)
# define KEY '_','_','A','R','M','_','A','R','C','H','_','7','S','_','_'
#endif

#define SIZE (sizeof(ssize_t))
static char info_size[] =  {'I', 'N', 'F', 'O', ':', 's','i','z','e','[',
  ('0' + ((SIZE / 10000)%10)),
  ('0' + ((SIZE / 1000)%10)),
  ('0' + ((SIZE / 100)%10)),
  ('0' + ((SIZE / 10)%10)),
  ('0' +  (SIZE    % 10)),
  ']',
#ifdef KEY
  ' ','k','e','y','[', KEY, ']',
#endif
  '\0'};

#ifdef __CLASSIC_C__
int main(argc, argv) int argc; char *argv[];
#else
int main(int argc, char *argv[])
#endif
{
  int require = 0;
  require += info_size[argc];
  (void)argv;
  return require;
}


Determining if the basename exist failed with the following output:
Change Dir: C:/Users/Matt/Code/etterna/out/build/x64-Debug/CMakeFiles/CMakeTmp

Run Build Command(s):C:/Program Files (x86)/Microsoft Visual Studio/2019/Community/Common7/IDE/CommonExtensions/Microsoft/CMake/Ninja/ninja.exe cmTC_83452 && [1/2] Building C object CMakeFiles\cmTC_83452.dir\CheckSymbolExists.c.obj
FAILED: CMakeFiles/cmTC_83452.dir/CheckSymbolExists.c.obj 
C:\PROGRA~2\MICROS~2\2019\COMMUN~1\VC\Tools\MSVC\1429~1.301\bin\Hostx64\x64\cl.exe  /nologo  -I"C:\Program Files\OpenSSL-Win64\include" /DWIN32 /D_WINDOWS  /Zi /Ob0 /Od /RTC1 -MTd    -D_WIN32_WINNT=0x0600 -D_WINSOCKAPI_= /showIncludes /FoCMakeFiles\cmTC_83452.dir\CheckSymbolExists.c.obj /FdCMakeFiles\cmTC_83452.dir\ /FS -c CheckSymbolExists.c
CheckSymbolExists.c(31): error C2065: 'basename': undeclared identifier
ninja: build stopped: subcommand failed.


File C:/Users/Matt/Code/etterna/out/build/x64-Debug/CMakeFiles/CMakeTmp/CheckSymbolExists.c:
/* */
#include <windows.h>
#include <ws2tcpip.h>
#include <winsock2.h>
#include <wincrypt.h>
#include <stdio.h>
#include <sys/stat.h>
#include <sys/types.h>
#include <sys/utime.h>
#include <assert.h>
#include <errno.h>
#include <fcntl.h>
#include <io.h>
#include <locale.h>
#include <setjmp.h>
#include <signal.h>
#include <stdbool.h>
#include <stdio.h>
#include <stdlib.h>
#include <string.h>
#include <time.h>
#include <process.h>
#include <stddef.h>
#include <malloc.h>
#include <memory.h>

int main(int argc, char** argv)
{
  (void)argv;
#ifndef basename
  return ((int*)(&basename))[argc];
#else
  (void)argc;
  return 0;
#endif
}
Determining if the strncmpi exist failed with the following output:
Change Dir: C:/Users/Matt/Code/etterna/out/build/x64-Debug/CMakeFiles/CMakeTmp

Run Build Command(s):C:/Program Files (x86)/Microsoft Visual Studio/2019/Community/Common7/IDE/CommonExtensions/Microsoft/CMake/Ninja/ninja.exe cmTC_3888a && [1/2] Building C object CMakeFiles\cmTC_3888a.dir\CheckSymbolExists.c.obj
FAILED: CMakeFiles/cmTC_3888a.dir/CheckSymbolExists.c.obj 
C:\PROGRA~2\MICROS~2\2019\COMMUN~1\VC\Tools\MSVC\1429~1.301\bin\Hostx64\x64\cl.exe  /nologo  -I"C:\Program Files\OpenSSL-Win64\include" /DWIN32 /D_WINDOWS  /Zi /Ob0 /Od /RTC1 -MTd    -D_WIN32_WINNT=0x0600 -D_WINSOCKAPI_= /showIncludes /FoCMakeFiles\cmTC_3888a.dir\CheckSymbolExists.c.obj /FdCMakeFiles\cmTC_3888a.dir\ /FS -c CheckSymbolExists.c
CheckSymbolExists.c(31): error C2065: 'strncmpi': undeclared identifier
ninja: build stopped: subcommand failed.


File C:/Users/Matt/Code/etterna/out/build/x64-Debug/CMakeFiles/CMakeTmp/CheckSymbolExists.c:
/* */
#include <windows.h>
#include <ws2tcpip.h>
#include <winsock2.h>
#include <wincrypt.h>
#include <stdio.h>
#include <sys/stat.h>
#include <sys/types.h>
#include <sys/utime.h>
#include <assert.h>
#include <errno.h>
#include <fcntl.h>
#include <io.h>
#include <locale.h>
#include <setjmp.h>
#include <signal.h>
#include <stdbool.h>
#include <stdio.h>
#include <stdlib.h>
#include <string.h>
#include <time.h>
#include <process.h>
#include <stddef.h>
#include <malloc.h>
#include <memory.h>

int main(int argc, char** argv)
{
  (void)argv;
#ifndef strncmpi
  return ((int*)(&strncmpi))[argc];
#else
  (void)argc;
  return 0;
#endif
}
Determining if the alarm exist failed with the following output:
Change Dir: C:/Users/Matt/Code/etterna/out/build/x64-Debug/CMakeFiles/CMakeTmp

Run Build Command(s):C:/Program Files (x86)/Microsoft Visual Studio/2019/Community/Common7/IDE/CommonExtensions/Microsoft/CMake/Ninja/ninja.exe cmTC_d6a1c && [1/2] Building C object CMakeFiles\cmTC_d6a1c.dir\CheckSymbolExists.c.obj
FAILED: CMakeFiles/cmTC_d6a1c.dir/CheckSymbolExists.c.obj 
C:\PROGRA~2\MICROS~2\2019\COMMUN~1\VC\Tools\MSVC\1429~1.301\bin\Hostx64\x64\cl.exe  /nologo  -I"C:\Program Files\OpenSSL-Win64\include" /DWIN32 /D_WINDOWS  /Zi /Ob0 /Od /RTC1 -MTd    -D_WIN32_WINNT=0x0600 -D_WINSOCKAPI_= /showIncludes /FoCMakeFiles\cmTC_d6a1c.dir\CheckSymbolExists.c.obj /FdCMakeFiles\cmTC_d6a1c.dir\ /FS -c CheckSymbolExists.c
CheckSymbolExists.c(31): error C2065: 'alarm': undeclared identifier
ninja: build stopped: subcommand failed.


File C:/Users/Matt/Code/etterna/out/build/x64-Debug/CMakeFiles/CMakeTmp/CheckSymbolExists.c:
/* */
#include <windows.h>
#include <ws2tcpip.h>
#include <winsock2.h>
#include <wincrypt.h>
#include <stdio.h>
#include <sys/stat.h>
#include <sys/types.h>
#include <sys/utime.h>
#include <assert.h>
#include <errno.h>
#include <fcntl.h>
#include <io.h>
#include <locale.h>
#include <setjmp.h>
#include <signal.h>
#include <stdbool.h>
#include <stdio.h>
#include <stdlib.h>
#include <string.h>
#include <time.h>
#include <process.h>
#include <stddef.h>
#include <malloc.h>
#include <memory.h>

int main(int argc, char** argv)
{
  (void)argv;
#ifndef alarm
  return ((int*)(&alarm))[argc];
#else
  (void)argc;
  return 0;
#endif
}
Determining if the getppid exist failed with the following output:
Change Dir: C:/Users/Matt/Code/etterna/out/build/x64-Debug/CMakeFiles/CMakeTmp

Run Build Command(s):C:/Program Files (x86)/Microsoft Visual Studio/2019/Community/Common7/IDE/CommonExtensions/Microsoft/CMake/Ninja/ninja.exe cmTC_803e2 && [1/2] Building C object CMakeFiles\cmTC_803e2.dir\CheckSymbolExists.c.obj
FAILED: CMakeFiles/cmTC_803e2.dir/CheckSymbolExists.c.obj 
C:\PROGRA~2\MICROS~2\2019\COMMUN~1\VC\Tools\MSVC\1429~1.301\bin\Hostx64\x64\cl.exe  /nologo  -I"C:\Program Files\OpenSSL-Win64\include" /DWIN32 /D_WINDOWS  /Zi /Ob0 /Od /RTC1 -MTd    -D_WIN32_WINNT=0x0600 -D_WINSOCKAPI_= /showIncludes /FoCMakeFiles\cmTC_803e2.dir\CheckSymbolExists.c.obj /FdCMakeFiles\cmTC_803e2.dir\ /FS -c CheckSymbolExists.c
CheckSymbolExists.c(31): error C2065: 'getppid': undeclared identifier
ninja: build stopped: subcommand failed.


File C:/Users/Matt/Code/etterna/out/build/x64-Debug/CMakeFiles/CMakeTmp/CheckSymbolExists.c:
/* */
#include <windows.h>
#include <ws2tcpip.h>
#include <winsock2.h>
#include <wincrypt.h>
#include <stdio.h>
#include <sys/stat.h>
#include <sys/types.h>
#include <sys/utime.h>
#include <assert.h>
#include <errno.h>
#include <fcntl.h>
#include <io.h>
#include <locale.h>
#include <setjmp.h>
#include <signal.h>
#include <stdbool.h>
#include <stdio.h>
#include <stdlib.h>
#include <string.h>
#include <time.h>
#include <process.h>
#include <stddef.h>
#include <malloc.h>
#include <memory.h>

int main(int argc, char** argv)
{
  (void)argv;
#ifndef getppid
  return ((int*)(&getppid))[argc];
#else
  (void)argc;
  return 0;
#endif
}
Determining if the utimes exist failed with the following output:
Change Dir: C:/Users/Matt/Code/etterna/out/build/x64-Debug/CMakeFiles/CMakeTmp

Run Build Command(s):C:/Program Files (x86)/Microsoft Visual Studio/2019/Community/Common7/IDE/CommonExtensions/Microsoft/CMake/Ninja/ninja.exe cmTC_a60f0 && [1/2] Building C object CMakeFiles\cmTC_a60f0.dir\CheckSymbolExists.c.obj
FAILED: CMakeFiles/cmTC_a60f0.dir/CheckSymbolExists.c.obj 
C:\PROGRA~2\MICROS~2\2019\COMMUN~1\VC\Tools\MSVC\1429~1.301\bin\Hostx64\x64\cl.exe  /nologo  -I"C:\Program Files\OpenSSL-Win64\include" /DWIN32 /D_WINDOWS  /Zi /Ob0 /Od /RTC1 -MTd    -D_WIN32_WINNT=0x0600 -D_WINSOCKAPI_= /showIncludes /FoCMakeFiles\cmTC_a60f0.dir\CheckSymbolExists.c.obj /FdCMakeFiles\cmTC_a60f0.dir\ /FS -c CheckSymbolExists.c
CheckSymbolExists.c(31): error C2065: 'utimes': undeclared identifier
ninja: build stopped: subcommand failed.


File C:/Users/Matt/Code/etterna/out/build/x64-Debug/CMakeFiles/CMakeTmp/CheckSymbolExists.c:
/* */
#include <windows.h>
#include <ws2tcpip.h>
#include <winsock2.h>
#include <wincrypt.h>
#include <stdio.h>
#include <sys/stat.h>
#include <sys/types.h>
#include <sys/utime.h>
#include <assert.h>
#include <errno.h>
#include <fcntl.h>
#include <io.h>
#include <locale.h>
#include <setjmp.h>
#include <signal.h>
#include <stdbool.h>
#include <stdio.h>
#include <stdlib.h>
#include <string.h>
#include <time.h>
#include <process.h>
#include <stddef.h>
#include <malloc.h>
#include <memory.h>

int main(int argc, char** argv)
{
  (void)argv;
#ifndef utimes
  return ((int*)(&utimes))[argc];
#else
  (void)argc;
  return 0;
#endif
}
Determining if the getpwuid_r exist failed with the following output:
Change Dir: C:/Users/Matt/Code/etterna/out/build/x64-Debug/CMakeFiles/CMakeTmp

Run Build Command(s):C:/Program Files (x86)/Microsoft Visual Studio/2019/Community/Common7/IDE/CommonExtensions/Microsoft/CMake/Ninja/ninja.exe cmTC_2e0cb && [1/2] Building C object CMakeFiles\cmTC_2e0cb.dir\CheckSymbolExists.c.obj
FAILED: CMakeFiles/cmTC_2e0cb.dir/CheckSymbolExists.c.obj 
C:\PROGRA~2\MICROS~2\2019\COMMUN~1\VC\Tools\MSVC\1429~1.301\bin\Hostx64\x64\cl.exe  /nologo  -I"C:\Program Files\OpenSSL-Win64\include" /DWIN32 /D_WINDOWS  /Zi /Ob0 /Od /RTC1 -MTd    -D_WIN32_WINNT=0x0600 -D_WINSOCKAPI_= /showIncludes /FoCMakeFiles\cmTC_2e0cb.dir\CheckSymbolExists.c.obj /FdCMakeFiles\cmTC_2e0cb.dir\ /FS -c CheckSymbolExists.c
CheckSymbolExists.c(31): error C2065: 'getpwuid_r': undeclared identifier
ninja: build stopped: subcommand failed.


File C:/Users/Matt/Code/etterna/out/build/x64-Debug/CMakeFiles/CMakeTmp/CheckSymbolExists.c:
/* */
#include <windows.h>
#include <ws2tcpip.h>
#include <winsock2.h>
#include <wincrypt.h>
#include <stdio.h>
#include <sys/stat.h>
#include <sys/types.h>
#include <sys/utime.h>
#include <assert.h>
#include <errno.h>
#include <fcntl.h>
#include <io.h>
#include <locale.h>
#include <setjmp.h>
#include <signal.h>
#include <stdbool.h>
#include <stdio.h>
#include <stdlib.h>
#include <string.h>
#include <time.h>
#include <process.h>
#include <stddef.h>
#include <malloc.h>
#include <memory.h>

int main(int argc, char** argv)
{
  (void)argv;
#ifndef getpwuid_r
  return ((int*)(&getpwuid_r))[argc];
#else
  (void)argc;
  return 0;
#endif
}
Determining if the usleep exist failed with the following output:
Change Dir: C:/Users/Matt/Code/etterna/out/build/x64-Debug/CMakeFiles/CMakeTmp

Run Build Command(s):C:/Program Files (x86)/Microsoft Visual Studio/2019/Community/Common7/IDE/CommonExtensions/Microsoft/CMake/Ninja/ninja.exe cmTC_04c43 && [1/2] Building C object CMakeFiles\cmTC_04c43.dir\CheckSymbolExists.c.obj
FAILED: CMakeFiles/cmTC_04c43.dir/CheckSymbolExists.c.obj 
C:\PROGRA~2\MICROS~2\2019\COMMUN~1\VC\Tools\MSVC\1429~1.301\bin\Hostx64\x64\cl.exe  /nologo  -I"C:\Program Files\OpenSSL-Win64\include" /DWIN32 /D_WINDOWS  /Zi /Ob0 /Od /RTC1 -MTd    -D_WIN32_WINNT=0x0600 -D_WINSOCKAPI_= /showIncludes /FoCMakeFiles\cmTC_04c43.dir\CheckSymbolExists.c.obj /FdCMakeFiles\cmTC_04c43.dir\ /FS -c CheckSymbolExists.c
CheckSymbolExists.c(31): error C2065: 'usleep': undeclared identifier
ninja: build stopped: subcommand failed.


File C:/Users/Matt/Code/etterna/out/build/x64-Debug/CMakeFiles/CMakeTmp/CheckSymbolExists.c:
/* */
#include <windows.h>
#include <ws2tcpip.h>
#include <winsock2.h>
#include <wincrypt.h>
#include <stdio.h>
#include <sys/stat.h>
#include <sys/types.h>
#include <sys/utime.h>
#include <assert.h>
#include <errno.h>
#include <fcntl.h>
#include <io.h>
#include <locale.h>
#include <setjmp.h>
#include <signal.h>
#include <stdbool.h>
#include <stdio.h>
#include <stdlib.h>
#include <string.h>
#include <time.h>
#include <process.h>
#include <stddef.h>
#include <malloc.h>
#include <memory.h>

int main(int argc, char** argv)
{
  (void)argv;
#ifndef usleep
  return ((int*)(&usleep))[argc];
#else
  (void)argc;
  return 0;
#endif
}
Determining if the strerror_r exist failed with the following output:
Change Dir: C:/Users/Matt/Code/etterna/out/build/x64-Debug/CMakeFiles/CMakeTmp

Run Build Command(s):C:/Program Files (x86)/Microsoft Visual Studio/2019/Community/Common7/IDE/CommonExtensions/Microsoft/CMake/Ninja/ninja.exe cmTC_c26fd && [1/2] Building C object CMakeFiles\cmTC_c26fd.dir\CheckSymbolExists.c.obj
FAILED: CMakeFiles/cmTC_c26fd.dir/CheckSymbolExists.c.obj 
C:\PROGRA~2\MICROS~2\2019\COMMUN~1\VC\Tools\MSVC\1429~1.301\bin\Hostx64\x64\cl.exe  /nologo  -I"C:\Program Files\OpenSSL-Win64\include" /DWIN32 /D_WINDOWS  /Zi /Ob0 /Od /RTC1 -MTd    -D_WIN32_WINNT=0x0600 -D_WINSOCKAPI_= /showIncludes /FoCMakeFiles\cmTC_c26fd.dir\CheckSymbolExists.c.obj /FdCMakeFiles\cmTC_c26fd.dir\ /FS -c CheckSymbolExists.c
CheckSymbolExists.c(31): error C2065: 'strerror_r': undeclared identifier
ninja: build stopped: subcommand failed.


File C:/Users/Matt/Code/etterna/out/build/x64-Debug/CMakeFiles/CMakeTmp/CheckSymbolExists.c:
/* */
#include <windows.h>
#include <ws2tcpip.h>
#include <winsock2.h>
#include <wincrypt.h>
#include <stdio.h>
#include <sys/stat.h>
#include <sys/types.h>
#include <sys/utime.h>
#include <assert.h>
#include <errno.h>
#include <fcntl.h>
#include <io.h>
#include <locale.h>
#include <setjmp.h>
#include <signal.h>
#include <stdbool.h>
#include <stdio.h>
#include <stdlib.h>
#include <string.h>
#include <time.h>
#include <process.h>
#include <stddef.h>
#include <malloc.h>
#include <memory.h>

int main(int argc, char** argv)
{
  (void)argv;
#ifndef strerror_r
  return ((int*)(&strerror_r))[argc];
#else
  (void)argc;
  return 0;
#endif
}
Determining if the siginterrupt exist failed with the following output:
Change Dir: C:/Users/Matt/Code/etterna/out/build/x64-Debug/CMakeFiles/CMakeTmp

Run Build Command(s):C:/Program Files (x86)/Microsoft Visual Studio/2019/Community/Common7/IDE/CommonExtensions/Microsoft/CMake/Ninja/ninja.exe cmTC_76c7e && [1/2] Building C object CMakeFiles\cmTC_76c7e.dir\CheckSymbolExists.c.obj
FAILED: CMakeFiles/cmTC_76c7e.dir/CheckSymbolExists.c.obj 
C:\PROGRA~2\MICROS~2\2019\COMMUN~1\VC\Tools\MSVC\1429~1.301\bin\Hostx64\x64\cl.exe  /nologo  -I"C:\Program Files\OpenSSL-Win64\include" /DWIN32 /D_WINDOWS  /Zi /Ob0 /Od /RTC1 -MTd    -D_WIN32_WINNT=0x0600 -D_WINSOCKAPI_= /showIncludes /FoCMakeFiles\cmTC_76c7e.dir\CheckSymbolExists.c.obj /FdCMakeFiles\cmTC_76c7e.dir\ /FS -c CheckSymbolExists.c
CheckSymbolExists.c(31): error C2065: 'siginterrupt': undeclared identifier
ninja: build stopped: subcommand failed.


File C:/Users/Matt/Code/etterna/out/build/x64-Debug/CMakeFiles/CMakeTmp/CheckSymbolExists.c:
/* */
#include <windows.h>
#include <ws2tcpip.h>
#include <winsock2.h>
#include <wincrypt.h>
#include <stdio.h>
#include <sys/stat.h>
#include <sys/types.h>
#include <sys/utime.h>
#include <assert.h>
#include <errno.h>
#include <fcntl.h>
#include <io.h>
#include <locale.h>
#include <setjmp.h>
#include <signal.h>
#include <stdbool.h>
#include <stdio.h>
#include <stdlib.h>
#include <string.h>
#include <time.h>
#include <process.h>
#include <stddef.h>
#include <malloc.h>
#include <memory.h>

int main(int argc, char** argv)
{
  (void)argv;
#ifndef siginterrupt
  return ((int*)(&siginterrupt))[argc];
#else
  (void)argc;
  return 0;
#endif
}
Determining if the pipe exist failed with the following output:
Change Dir: C:/Users/Matt/Code/etterna/out/build/x64-Debug/CMakeFiles/CMakeTmp

Run Build Command(s):C:/Program Files (x86)/Microsoft Visual Studio/2019/Community/Common7/IDE/CommonExtensions/Microsoft/CMake/Ninja/ninja.exe cmTC_3b3a2 && [1/2] Building C object CMakeFiles\cmTC_3b3a2.dir\CheckSymbolExists.c.obj
FAILED: CMakeFiles/cmTC_3b3a2.dir/CheckSymbolExists.c.obj 
C:\PROGRA~2\MICROS~2\2019\COMMUN~1\VC\Tools\MSVC\1429~1.301\bin\Hostx64\x64\cl.exe  /nologo  -I"C:\Program Files\OpenSSL-Win64\include" /DWIN32 /D_WINDOWS  /Zi /Ob0 /Od /RTC1 -MTd    -D_WIN32_WINNT=0x0600 -D_WINSOCKAPI_= /showIncludes /FoCMakeFiles\cmTC_3b3a2.dir\CheckSymbolExists.c.obj /FdCMakeFiles\cmTC_3b3a2.dir\ /FS -c CheckSymbolExists.c
CheckSymbolExists.c(31): error C2065: 'pipe': undeclared identifier
ninja: build stopped: subcommand failed.


File C:/Users/Matt/Code/etterna/out/build/x64-Debug/CMakeFiles/CMakeTmp/CheckSymbolExists.c:
/* */
#include <windows.h>
#include <ws2tcpip.h>
#include <winsock2.h>
#include <wincrypt.h>
#include <stdio.h>
#include <sys/stat.h>
#include <sys/types.h>
#include <sys/utime.h>
#include <assert.h>
#include <errno.h>
#include <fcntl.h>
#include <io.h>
#include <locale.h>
#include <setjmp.h>
#include <signal.h>
#include <stdbool.h>
#include <stdio.h>
#include <stdlib.h>
#include <string.h>
#include <time.h>
#include <process.h>
#include <stddef.h>
#include <malloc.h>
#include <memory.h>

int main(int argc, char** argv)
{
  (void)argv;
#ifndef pipe
  return ((int*)(&pipe))[argc];
#else
  (void)argc;
  return 0;
#endif
}
Determining if the ftruncate exist failed with the following output:
Change Dir: C:/Users/Matt/Code/etterna/out/build/x64-Debug/CMakeFiles/CMakeTmp

Run Build Command(s):C:/Program Files (x86)/Microsoft Visual Studio/2019/Community/Common7/IDE/CommonExtensions/Microsoft/CMake/Ninja/ninja.exe cmTC_90d6b && [1/2] Building C object CMakeFiles\cmTC_90d6b.dir\CheckSymbolExists.c.obj
FAILED: CMakeFiles/cmTC_90d6b.dir/CheckSymbolExists.c.obj 
C:\PROGRA~2\MICROS~2\2019\COMMUN~1\VC\Tools\MSVC\1429~1.301\bin\Hostx64\x64\cl.exe  /nologo  -I"C:\Program Files\OpenSSL-Win64\include" /DWIN32 /D_WINDOWS  /Zi /Ob0 /Od /RTC1 -MTd    -D_WIN32_WINNT=0x0600 -D_WINSOCKAPI_= /showIncludes /FoCMakeFiles\cmTC_90d6b.dir\CheckSymbolExists.c.obj /FdCMakeFiles\cmTC_90d6b.dir\ /FS -c CheckSymbolExists.c
CheckSymbolExists.c(31): error C2065: 'ftruncate': undeclared identifier
ninja: build stopped: subcommand failed.


File C:/Users/Matt/Code/etterna/out/build/x64-Debug/CMakeFiles/CMakeTmp/CheckSymbolExists.c:
/* */
#include <windows.h>
#include <ws2tcpip.h>
#include <winsock2.h>
#include <wincrypt.h>
#include <stdio.h>
#include <sys/stat.h>
#include <sys/types.h>
#include <sys/utime.h>
#include <assert.h>
#include <errno.h>
#include <fcntl.h>
#include <io.h>
#include <locale.h>
#include <setjmp.h>
#include <signal.h>
#include <stdbool.h>
#include <stdio.h>
#include <stdlib.h>
#include <string.h>
#include <time.h>
#include <process.h>
#include <stddef.h>
#include <malloc.h>
#include <memory.h>

int main(int argc, char** argv)
{
  (void)argv;
#ifndef ftruncate
  return ((int*)(&ftruncate))[argc];
#else
  (void)argc;
  return 0;
#endif
}
Determining if the if_nametoindex exist failed with the following output:
Change Dir: C:/Users/Matt/Code/etterna/out/build/x64-Debug/CMakeFiles/CMakeTmp

Run Build Command(s):C:/Program Files (x86)/Microsoft Visual Studio/2019/Community/Common7/IDE/CommonExtensions/Microsoft/CMake/Ninja/ninja.exe cmTC_88d8d && [1/2] Building C object CMakeFiles\cmTC_88d8d.dir\CheckSymbolExists.c.obj
FAILED: CMakeFiles/cmTC_88d8d.dir/CheckSymbolExists.c.obj 
C:\PROGRA~2\MICROS~2\2019\COMMUN~1\VC\Tools\MSVC\1429~1.301\bin\Hostx64\x64\cl.exe  /nologo  -I"C:\Program Files\OpenSSL-Win64\include" /DWIN32 /D_WINDOWS  /Zi /Ob0 /Od /RTC1 -MTd    -D_WIN32_WINNT=0x0600 -D_WINSOCKAPI_= /showIncludes /FoCMakeFiles\cmTC_88d8d.dir\CheckSymbolExists.c.obj /FdCMakeFiles\cmTC_88d8d.dir\ /FS -c CheckSymbolExists.c
CheckSymbolExists.c(31): error C2065: 'if_nametoindex': undeclared identifier
ninja: build stopped: subcommand failed.


File C:/Users/Matt/Code/etterna/out/build/x64-Debug/CMakeFiles/CMakeTmp/CheckSymbolExists.c:
/* */
#include <windows.h>
#include <ws2tcpip.h>
#include <winsock2.h>
#include <wincrypt.h>
#include <stdio.h>
#include <sys/stat.h>
#include <sys/types.h>
#include <sys/utime.h>
#include <assert.h>
#include <errno.h>
#include <fcntl.h>
#include <io.h>
#include <locale.h>
#include <setjmp.h>
#include <signal.h>
#include <stdbool.h>
#include <stdio.h>
#include <stdlib.h>
#include <string.h>
#include <time.h>
#include <process.h>
#include <stddef.h>
#include <malloc.h>
#include <memory.h>

int main(int argc, char** argv)
{
  (void)argv;
#ifndef if_nametoindex
  return ((int*)(&if_nametoindex))[argc];
#else
  (void)argc;
  return 0;
#endif
}
Determining if the getrlimit exist failed with the following output:
Change Dir: C:/Users/Matt/Code/etterna/out/build/x64-Debug/CMakeFiles/CMakeTmp

Run Build Command(s):C:/Program Files (x86)/Microsoft Visual Studio/2019/Community/Common7/IDE/CommonExtensions/Microsoft/CMake/Ninja/ninja.exe cmTC_7dc8d && [1/2] Building C object CMakeFiles\cmTC_7dc8d.dir\CheckSymbolExists.c.obj
FAILED: CMakeFiles/cmTC_7dc8d.dir/CheckSymbolExists.c.obj 
C:\PROGRA~2\MICROS~2\2019\COMMUN~1\VC\Tools\MSVC\1429~1.301\bin\Hostx64\x64\cl.exe  /nologo  -I"C:\Program Files\OpenSSL-Win64\include" /DWIN32 /D_WINDOWS  /Zi /Ob0 /Od /RTC1 -MTd    -D_WIN32_WINNT=0x0600 -D_WINSOCKAPI_= /showIncludes /FoCMakeFiles\cmTC_7dc8d.dir\CheckSymbolExists.c.obj /FdCMakeFiles\cmTC_7dc8d.dir\ /FS -c CheckSymbolExists.c
CheckSymbolExists.c(31): error C2065: 'getrlimit': undeclared identifier
ninja: build stopped: subcommand failed.


File C:/Users/Matt/Code/etterna/out/build/x64-Debug/CMakeFiles/CMakeTmp/CheckSymbolExists.c:
/* */
#include <windows.h>
#include <ws2tcpip.h>
#include <winsock2.h>
#include <wincrypt.h>
#include <stdio.h>
#include <sys/stat.h>
#include <sys/types.h>
#include <sys/utime.h>
#include <assert.h>
#include <errno.h>
#include <fcntl.h>
#include <io.h>
#include <locale.h>
#include <setjmp.h>
#include <signal.h>
#include <stdbool.h>
#include <stdio.h>
#include <stdlib.h>
#include <string.h>
#include <time.h>
#include <process.h>
#include <stddef.h>
#include <malloc.h>
#include <memory.h>

int main(int argc, char** argv)
{
  (void)argv;
#ifndef getrlimit
  return ((int*)(&getrlimit))[argc];
#else
  (void)argc;
  return 0;
#endif
}
Determining if the setrlimit exist failed with the following output:
Change Dir: C:/Users/Matt/Code/etterna/out/build/x64-Debug/CMakeFiles/CMakeTmp

Run Build Command(s):C:/Program Files (x86)/Microsoft Visual Studio/2019/Community/Common7/IDE/CommonExtensions/Microsoft/CMake/Ninja/ninja.exe cmTC_85fc4 && [1/2] Building C object CMakeFiles\cmTC_85fc4.dir\CheckSymbolExists.c.obj
FAILED: CMakeFiles/cmTC_85fc4.dir/CheckSymbolExists.c.obj 
C:\PROGRA~2\MICROS~2\2019\COMMUN~1\VC\Tools\MSVC\1429~1.301\bin\Hostx64\x64\cl.exe  /nologo  -I"C:\Program Files\OpenSSL-Win64\include" /DWIN32 /D_WINDOWS  /Zi /Ob0 /Od /RTC1 -MTd    -D_WIN32_WINNT=0x0600 -D_WINSOCKAPI_= /showIncludes /FoCMakeFiles\cmTC_85fc4.dir\CheckSymbolExists.c.obj /FdCMakeFiles\cmTC_85fc4.dir\ /FS -c CheckSymbolExists.c
CheckSymbolExists.c(31): error C2065: 'setrlimit': undeclared identifier
ninja: build stopped: subcommand failed.


File C:/Users/Matt/Code/etterna/out/build/x64-Debug/CMakeFiles/CMakeTmp/CheckSymbolExists.c:
/* */
#include <windows.h>
#include <ws2tcpip.h>
#include <winsock2.h>
#include <wincrypt.h>
#include <stdio.h>
#include <sys/stat.h>
#include <sys/types.h>
#include <sys/utime.h>
#include <assert.h>
#include <errno.h>
#include <fcntl.h>
#include <io.h>
#include <locale.h>
#include <setjmp.h>
#include <signal.h>
#include <stdbool.h>
#include <stdio.h>
#include <stdlib.h>
#include <string.h>
#include <time.h>
#include <process.h>
#include <stddef.h>
#include <malloc.h>
#include <memory.h>

int main(int argc, char** argv)
{
  (void)argv;
#ifndef setrlimit
  return ((int*)(&setrlimit))[argc];
#else
  (void)argc;
  return 0;
#endif
}
Determining if the fcntl exist failed with the following output:
Change Dir: C:/Users/Matt/Code/etterna/out/build/x64-Debug/CMakeFiles/CMakeTmp

Run Build Command(s):C:/Program Files (x86)/Microsoft Visual Studio/2019/Community/Common7/IDE/CommonExtensions/Microsoft/CMake/Ninja/ninja.exe cmTC_fce2f && [1/2] Building C object CMakeFiles\cmTC_fce2f.dir\CheckSymbolExists.c.obj
FAILED: CMakeFiles/cmTC_fce2f.dir/CheckSymbolExists.c.obj 
C:\PROGRA~2\MICROS~2\2019\COMMUN~1\VC\Tools\MSVC\1429~1.301\bin\Hostx64\x64\cl.exe  /nologo  -I"C:\Program Files\OpenSSL-Win64\include" /DWIN32 /D_WINDOWS  /Zi /Ob0 /Od /RTC1 -MTd    -D_WIN32_WINNT=0x0600 -D_WINSOCKAPI_= /showIncludes /FoCMakeFiles\cmTC_fce2f.dir\CheckSymbolExists.c.obj /FdCMakeFiles\cmTC_fce2f.dir\ /FS -c CheckSymbolExists.c
CheckSymbolExists.c(31): error C2065: 'fcntl': undeclared identifier
ninja: build stopped: subcommand failed.


File C:/Users/Matt/Code/etterna/out/build/x64-Debug/CMakeFiles/CMakeTmp/CheckSymbolExists.c:
/* */
#include <windows.h>
#include <ws2tcpip.h>
#include <winsock2.h>
#include <wincrypt.h>
#include <stdio.h>
#include <sys/stat.h>
#include <sys/types.h>
#include <sys/utime.h>
#include <assert.h>
#include <errno.h>
#include <fcntl.h>
#include <io.h>
#include <locale.h>
#include <setjmp.h>
#include <signal.h>
#include <stdbool.h>
#include <stdio.h>
#include <stdlib.h>
#include <string.h>
#include <time.h>
#include <process.h>
#include <stddef.h>
#include <malloc.h>
#include <memory.h>

int main(int argc, char** argv)
{
  (void)argv;
#ifndef fcntl
  return ((int*)(&fcntl))[argc];
#else
  (void)argc;
  return 0;
#endif
}
Determining if the ioctl exist failed with the following output:
Change Dir: C:/Users/Matt/Code/etterna/out/build/x64-Debug/CMakeFiles/CMakeTmp

Run Build Command(s):C:/Program Files (x86)/Microsoft Visual Studio/2019/Community/Common7/IDE/CommonExtensions/Microsoft/CMake/Ninja/ninja.exe cmTC_c3a51 && [1/2] Building C object CMakeFiles\cmTC_c3a51.dir\CheckSymbolExists.c.obj
FAILED: CMakeFiles/cmTC_c3a51.dir/CheckSymbolExists.c.obj 
C:\PROGRA~2\MICROS~2\2019\COMMUN~1\VC\Tools\MSVC\1429~1.301\bin\Hostx64\x64\cl.exe  /nologo  -I"C:\Program Files\OpenSSL-Win64\include" /DWIN32 /D_WINDOWS  /Zi /Ob0 /Od /RTC1 -MTd    -D_WIN32_WINNT=0x0600 -D_WINSOCKAPI_= /showIncludes /FoCMakeFiles\cmTC_c3a51.dir\CheckSymbolExists.c.obj /FdCMakeFiles\cmTC_c3a51.dir\ /FS -c CheckSymbolExists.c
CheckSymbolExists.c(31): error C2065: 'ioctl': undeclared identifier
ninja: build stopped: subcommand failed.


File C:/Users/Matt/Code/etterna/out/build/x64-Debug/CMakeFiles/CMakeTmp/CheckSymbolExists.c:
/* */
#include <windows.h>
#include <ws2tcpip.h>
#include <winsock2.h>
#include <wincrypt.h>
#include <stdio.h>
#include <sys/stat.h>
#include <sys/types.h>
#include <sys/utime.h>
#include <assert.h>
#include <errno.h>
#include <fcntl.h>
#include <io.h>
#include <locale.h>
#include <setjmp.h>
#include <signal.h>
#include <stdbool.h>
#include <stdio.h>
#include <stdlib.h>
#include <string.h>
#include <time.h>
#include <process.h>
#include <stddef.h>
#include <malloc.h>
#include <memory.h>

int main(int argc, char** argv)
{
  (void)argv;
#ifndef ioctl
  return ((int*)(&ioctl))[argc];
#else
  (void)argc;
  return 0;
#endif
}
Determining if the function mach_absolute_time exists failed with the following output:
Change Dir: C:/Users/Matt/Code/etterna/out/build/x64-Debug/CMakeFiles/CMakeTmp

Run Build Command(s):C:/Program Files (x86)/Microsoft Visual Studio/2019/Community/Common7/IDE/CommonExtensions/Microsoft/CMake/Ninja/ninja.exe cmTC_35f97 && [1/2] Building C object CMakeFiles\cmTC_35f97.dir\CheckFunctionExists.c.obj
[2/2] Linking C executable cmTC_35f97.exe
FAILED: cmTC_35f97.exe 
cmd.exe /C "cd . && "C:\Program Files (x86)\Microsoft Visual Studio\2019\Community\Common7\IDE\CommonExtensions\Microsoft\CMake\CMake\bin\cmake.exe" -E vs_link_exe --intdir=CMakeFiles\cmTC_35f97.dir --rc=C:\PROGRA~2\WI3CF2~1\10\bin\100203~1.0\x64\rc.exe --mt=C:\PROGRA~2\WI3CF2~1\10\bin\100203~1.0\x64\mt.exe --manifests  -- C:\PROGRA~2\MICROS~2\2019\COMMUN~1\VC\Tools\MSVC\1429~1.301\bin\Hostx64\x64\link.exe /nologo CMakeFiles\cmTC_35f97.dir\CheckFunctionExists.c.obj  /out:cmTC_35f97.exe /implib:cmTC_35f97.lib /pdb:cmTC_35f97.pdb /version:0.0 /machine:x64  /debug /INCREMENTAL /subsystem:console  ws2_32.lib  kernel32.lib user32.lib gdi32.lib winspool.lib shell32.lib ole32.lib oleaut32.lib uuid.lib comdlg32.lib advapi32.lib && cd ."
LINK Pass 1: command "C:\PROGRA~2\MICROS~2\2019\COMMUN~1\VC\Tools\MSVC\1429~1.301\bin\Hostx64\x64\link.exe /nologo CMakeFiles\cmTC_35f97.dir\CheckFunctionExists.c.obj /out:cmTC_35f97.exe /implib:cmTC_35f97.lib /pdb:cmTC_35f97.pdb /version:0.0 /machine:x64 /debug /INCREMENTAL /subsystem:console ws2_32.lib kernel32.lib user32.lib gdi32.lib winspool.lib shell32.lib ole32.lib oleaut32.lib uuid.lib comdlg32.lib advapi32.lib /MANIFEST /MANIFESTFILE:CMakeFiles\cmTC_35f97.dir/intermediate.manifest CMakeFiles\cmTC_35f97.dir/manifest.res" failed (exit code 1120) with the following output:
CheckFunctionExists.c.obj : error LNK2019: unresolved external symbol mach_absolute_time referenced in function main
cmTC_35f97.exe : fatal error LNK1120: 1 unresolved externals
ninja: build stopped: subcommand failed.



Determining if the fsetxattr exist failed with the following output:
Change Dir: C:/Users/Matt/Code/etterna/out/build/x64-Debug/CMakeFiles/CMakeTmp

Run Build Command(s):C:/Program Files (x86)/Microsoft Visual Studio/2019/Community/Common7/IDE/CommonExtensions/Microsoft/CMake/Ninja/ninja.exe cmTC_36fd9 && [1/2] Building C object CMakeFiles\cmTC_36fd9.dir\CheckSymbolExists.c.obj
FAILED: CMakeFiles/cmTC_36fd9.dir/CheckSymbolExists.c.obj 
C:\PROGRA~2\MICROS~2\2019\COMMUN~1\VC\Tools\MSVC\1429~1.301\bin\Hostx64\x64\cl.exe  /nologo  -I"C:\Program Files\OpenSSL-Win64\include" /DWIN32 /D_WINDOWS  /Zi /Ob0 /Od /RTC1 -MTd    -D_WIN32_WINNT=0x0600 -D_WINSOCKAPI_= /showIncludes /FoCMakeFiles\cmTC_36fd9.dir\CheckSymbolExists.c.obj /FdCMakeFiles\cmTC_36fd9.dir\ /FS -c CheckSymbolExists.c
CheckSymbolExists.c(31): error C2065: 'fsetxattr': undeclared identifier
ninja: build stopped: subcommand failed.


File C:/Users/Matt/Code/etterna/out/build/x64-Debug/CMakeFiles/CMakeTmp/CheckSymbolExists.c:
/* */
#include <windows.h>
#include <ws2tcpip.h>
#include <winsock2.h>
#include <wincrypt.h>
#include <stdio.h>
#include <sys/stat.h>
#include <sys/types.h>
#include <sys/utime.h>
#include <assert.h>
#include <errno.h>
#include <fcntl.h>
#include <io.h>
#include <locale.h>
#include <setjmp.h>
#include <signal.h>
#include <stdbool.h>
#include <stdio.h>
#include <stdlib.h>
#include <string.h>
#include <time.h>
#include <process.h>
#include <stddef.h>
#include <malloc.h>
#include <memory.h>

int main(int argc, char** argv)
{
  (void)argv;
#ifndef fsetxattr
  return ((int*)(&fsetxattr))[argc];
#else
  (void)argc;
  return 0;
#endif
}
Determining size of sa_family_t failed with the following output:
Change Dir: C:/Users/Matt/Code/etterna/out/build/x64-Debug/CMakeFiles/CMakeTmp

Run Build Command(s):C:/Program Files (x86)/Microsoft Visual Studio/2019/Community/Common7/IDE/CommonExtensions/Microsoft/CMake/Ninja/ninja.exe cmTC_78816 && [1/2] Building C object CMakeFiles\cmTC_78816.dir\SIZEOF_SA_FAMILY_T.c.obj
FAILED: CMakeFiles/cmTC_78816.dir/SIZEOF_SA_FAMILY_T.c.obj 
C:\PROGRA~2\MICROS~2\2019\COMMUN~1\VC\Tools\MSVC\1429~1.301\bin\Hostx64\x64\cl.exe  /nologo  -I"C:\Program Files\OpenSSL-Win64\include" /DWIN32 /D_WINDOWS  /Zi /Ob0 /Od /RTC1 -MTd    -D_WIN32_WINNT=0x0600 -D_WINSOCKAPI_= /showIncludes /FoCMakeFiles\cmTC_78816.dir\SIZEOF_SA_FAMILY_T.c.obj /FdCMakeFiles\cmTC_78816.dir\ /FS -c C:\Users\Matt\Code\etterna\out\build\x64-Debug\CMakeFiles\CheckTypeSize\SIZEOF_SA_FAMILY_T.c
C:\Users\Matt\Code\etterna\out\build\x64-Debug\CMakeFiles\CheckTypeSize\SIZEOF_SA_FAMILY_T.c(3): fatal error C1083: Cannot open include file: 'sys/socket.h': No such file or directory
ninja: build stopped: subcommand failed.


C:/Users/Matt/Code/etterna/out/build/x64-Debug/CMakeFiles/CheckTypeSize/SIZEOF_SA_FAMILY_T.c:
#include <sys/types.h>
#include <stddef.h>
#include "sys/socket.h"


#undef KEY
#if defined(__i386)
# define KEY '_','_','i','3','8','6'
#elif defined(__x86_64)
# define KEY '_','_','x','8','6','_','6','4'
#elif defined(__PPC64__)
# define KEY '_','_','P','P','C','6','4','_','_'
#elif defined(__ppc64__)
# define KEY '_','_','p','p','c','6','4','_','_'
#elif defined(__PPC__)
# define KEY '_','_','P','P','C','_','_'
#elif defined(__ppc__)
# define KEY '_','_','p','p','c','_','_'
#elif defined(__aarch64__)
# define KEY '_','_','a','a','r','c','h','6','4','_','_'
#elif defined(__ARM_ARCH_7A__)
# define KEY '_','_','A','R','M','_','A','R','C','H','_','7','A','_','_'
#elif defined(__ARM_ARCH_7S__)
# define KEY '_','_','A','R','M','_','A','R','C','H','_','7','S','_','_'
#endif

#define SIZE (sizeof(sa_family_t))
static char info_size[] =  {'I', 'N', 'F', 'O', ':', 's','i','z','e','[',
  ('0' + ((SIZE / 10000)%10)),
  ('0' + ((SIZE / 1000)%10)),
  ('0' + ((SIZE / 100)%10)),
  ('0' + ((SIZE / 10)%10)),
  ('0' +  (SIZE    % 10)),
  ']',
#ifdef KEY
  ' ','k','e','y','[', KEY, ']',
#endif
  '\0'};

#ifdef __CLASSIC_C__
int main(argc, argv) int argc; char *argv[];
#else
int main(int argc, char *argv[])
#endif
{
  int require = 0;
  require += info_size[argc];
  (void)argv;
  return require;
}


Determining size of ADDRESS_FAMILY failed with the following output:
Change Dir: C:/Users/Matt/Code/etterna/out/build/x64-Debug/CMakeFiles/CMakeTmp

Run Build Command(s):C:/Program Files (x86)/Microsoft Visual Studio/2019/Community/Common7/IDE/CommonExtensions/Microsoft/CMake/Ninja/ninja.exe cmTC_8a822 && [1/2] Building C object CMakeFiles\cmTC_8a822.dir\SIZEOF_ADDRESS_FAMILY.c.obj
FAILED: CMakeFiles/cmTC_8a822.dir/SIZEOF_ADDRESS_FAMILY.c.obj 
C:\PROGRA~2\MICROS~2\2019\COMMUN~1\VC\Tools\MSVC\1429~1.301\bin\Hostx64\x64\cl.exe  /nologo  -I"C:\Program Files\OpenSSL-Win64\include" /DWIN32 /D_WINDOWS  /Zi /Ob0 /Od /RTC1 -MTd    -D_WIN32_WINNT=0x0600 -D_WINSOCKAPI_= /showIncludes /FoCMakeFiles\cmTC_8a822.dir\SIZEOF_ADDRESS_FAMILY.c.obj /FdCMakeFiles\cmTC_8a822.dir\ /FS -c C:\Users\Matt\Code\etterna\out\build\x64-Debug\CMakeFiles\CheckTypeSize\SIZEOF_ADDRESS_FAMILY.c
C:\Program Files (x86)\Windows Kits\10\include\10.0.20348.0\shared\ws2def.h(47): fatal error C1189: #error:  Do not include winsock.h and ws2def.h in the same module. Instead include only winsock2.h.
ninja: build stopped: subcommand failed.


C:/Users/Matt/Code/etterna/out/build/x64-Debug/CMakeFiles/CheckTypeSize/SIZEOF_ADDRESS_FAMILY.c:
#include <sys/types.h>
#include <stddef.h>
#include "ws2def.h"


#undef KEY
#if defined(__i386)
# define KEY '_','_','i','3','8','6'
#elif defined(__x86_64)
# define KEY '_','_','x','8','6','_','6','4'
#elif defined(__PPC64__)
# define KEY '_','_','P','P','C','6','4','_','_'
#elif defined(__ppc64__)
# define KEY '_','_','p','p','c','6','4','_','_'
#elif defined(__PPC__)
# define KEY '_','_','P','P','C','_','_'
#elif defined(__ppc__)
# define KEY '_','_','p','p','c','_','_'
#elif defined(__aarch64__)
# define KEY '_','_','a','a','r','c','h','6','4','_','_'
#elif defined(__ARM_ARCH_7A__)
# define KEY '_','_','A','R','M','_','A','R','C','H','_','7','A','_','_'
#elif defined(__ARM_ARCH_7S__)
# define KEY '_','_','A','R','M','_','A','R','C','H','_','7','S','_','_'
#endif

#define SIZE (sizeof(ADDRESS_FAMILY))
static char info_size[] =  {'I', 'N', 'F', 'O', ':', 's','i','z','e','[',
  ('0' + ((SIZE / 10000)%10)),
  ('0' + ((SIZE / 1000)%10)),
  ('0' + ((SIZE / 100)%10)),
  ('0' + ((SIZE / 10)%10)),
  ('0' +  (SIZE    % 10)),
  ']',
#ifdef KEY
  ' ','k','e','y','[', KEY, ']',
#endif
  '\0'};

#ifdef __CLASSIC_C__
int main(argc, argv) int argc; char *argv[];
#else
int main(int argc, char *argv[])
#endif
{
  int require = 0;
  require += info_size[argc];
  (void)argv;
  return require;
}


Performing Curl Test HAVE_FCNTL_O_NONBLOCK failed with the following output:
Change Dir: C:/Users/Matt/Code/etterna/out/build/x64-Debug/CMakeFiles/CMakeTmp

Run Build Command(s):C:/Program Files (x86)/Microsoft Visual Studio/2019/Community/Common7/IDE/CommonExtensions/Microsoft/CMake/Ninja/ninja.exe cmTC_e2ce5 && [1/2] Building C object CMakeFiles\cmTC_e2ce5.dir\CurlTests.c.obj
FAILED: CMakeFiles/cmTC_e2ce5.dir/CurlTests.c.obj 
C:\PROGRA~2\MICROS~2\2019\COMMUN~1\VC\Tools\MSVC\1429~1.301\bin\Hostx64\x64\cl.exe  /nologo   /DWIN32 /D_WINDOWS -DHAVE_FCNTL_O_NONBLOCK  -DHAVE_WINDOWS_H -DHAVE_WS2TCPIP_H -DHAVE_WINSOCK2_H -DHAVE_WINCRYPT_H -DHAVE_STDIO_H -DHAVE_SYS_STAT_H -DHAVE_SYS_TYPES_H -DHAVE_SYS_UTIME_H -DHAVE_ASSERT_H -DHAVE_ERRNO_H -DHAVE_FCNTL_H -DHAVE_IO_H -DHAVE_LOCALE_H -DHAVE_SETJMP_H -DHAVE_SIGNAL_H -DHAVE_STDBOOL_H -DHAVE_STDIO_H -DHAVE_STDLIB_H -DHAVE_STRING_H -DHAVE_TIME_H -DHAVE_PROCESS_H -DHAVE_STDDEF_H -DHAVE_MALLOC_H -DHAVE_MEMORY_H /Zi /Ob0 /Od /RTC1 -MTd /showIncludes /FoCMakeFiles\cmTC_e2ce5.dir\CurlTests.c.obj /FdCMakeFiles\cmTC_e2ce5.dir\ /FS -c C:\Users\Matt\Code\etterna\extern\curl\CMake\CurlTests.c
C:\Users\Matt\Code\etterna\extern\curl\CMake\CurlTests.c(44): fatal error C1083: Cannot open include file: 'unistd.h': No such file or directory
ninja: build stopped: subcommand failed.


Performing Curl Test HAVE_IOCTLSOCKET_CAMEL failed with the following output:
Change Dir: C:/Users/Matt/Code/etterna/out/build/x64-Debug/CMakeFiles/CMakeTmp

Run Build Command(s):C:/Program Files (x86)/Microsoft Visual Studio/2019/Community/Common7/IDE/CommonExtensions/Microsoft/CMake/Ninja/ninja.exe cmTC_dba3b && [1/2] Building C object CMakeFiles\cmTC_dba3b.dir\CurlTests.c.obj
[2/2] Linking C executable cmTC_dba3b.exe
FAILED: cmTC_dba3b.exe 
cmd.exe /C "cd . && "C:\Program Files (x86)\Microsoft Visual Studio\2019\Community\Common7\IDE\CommonExtensions\Microsoft\CMake\CMake\bin\cmake.exe" -E vs_link_exe --intdir=CMakeFiles\cmTC_dba3b.dir --rc=C:\PROGRA~2\WI3CF2~1\10\bin\100203~1.0\x64\rc.exe --mt=C:\PROGRA~2\WI3CF2~1\10\bin\100203~1.0\x64\mt.exe --manifests  -- C:\PROGRA~2\MICROS~2\2019\COMMUN~1\VC\Tools\MSVC\1429~1.301\bin\Hostx64\x64\link.exe /nologo CMakeFiles\cmTC_dba3b.dir\CurlTests.c.obj  /out:cmTC_dba3b.exe /implib:cmTC_dba3b.lib /pdb:cmTC_dba3b.pdb /version:0.0 /machine:x64  /debug /INCREMENTAL /subsystem:console  ws2_32.lib  kernel32.lib user32.lib gdi32.lib winspool.lib shell32.lib ole32.lib oleaut32.lib uuid.lib comdlg32.lib advapi32.lib && cd ."
LINK Pass 1: command "C:\PROGRA~2\MICROS~2\2019\COMMUN~1\VC\Tools\MSVC\1429~1.301\bin\Hostx64\x64\link.exe /nologo CMakeFiles\cmTC_dba3b.dir\CurlTests.c.obj /out:cmTC_dba3b.exe /implib:cmTC_dba3b.lib /pdb:cmTC_dba3b.pdb /version:0.0 /machine:x64 /debug /INCREMENTAL /subsystem:console ws2_32.lib kernel32.lib user32.lib gdi32.lib winspool.lib shell32.lib ole32.lib oleaut32.lib uuid.lib comdlg32.lib advapi32.lib /MANIFEST /MANIFESTFILE:CMakeFiles\cmTC_dba3b.dir/intermediate.manifest CMakeFiles\cmTC_dba3b.dir/manifest.res" failed (exit code 1120) with the following output:
CurlTests.c.obj : error LNK2019: unresolved external symbol IoctlSocket referenced in function main
cmTC_dba3b.exe : fatal error LNK1120: 1 unresolved externals
ninja: build stopped: subcommand failed.


Performing Curl Test HAVE_IOCTLSOCKET_CAMEL_FIONBIO failed with the following output:
Change Dir: C:/Users/Matt/Code/etterna/out/build/x64-Debug/CMakeFiles/CMakeTmp

Run Build Command(s):C:/Program Files (x86)/Microsoft Visual Studio/2019/Community/Common7/IDE/CommonExtensions/Microsoft/CMake/Ninja/ninja.exe cmTC_ccf21 && [1/2] Building C object CMakeFiles\cmTC_ccf21.dir\CurlTests.c.obj
[2/2] Linking C executable cmTC_ccf21.exe
FAILED: cmTC_ccf21.exe 
cmd.exe /C "cd . && "C:\Program Files (x86)\Microsoft Visual Studio\2019\Community\Common7\IDE\CommonExtensions\Microsoft\CMake\CMake\bin\cmake.exe" -E vs_link_exe --intdir=CMakeFiles\cmTC_ccf21.dir --rc=C:\PROGRA~2\WI3CF2~1\10\bin\100203~1.0\x64\rc.exe --mt=C:\PROGRA~2\WI3CF2~1\10\bin\100203~1.0\x64\mt.exe --manifests  -- C:\PROGRA~2\MICROS~2\2019\COMMUN~1\VC\Tools\MSVC\1429~1.301\bin\Hostx64\x64\link.exe /nologo CMakeFiles\cmTC_ccf21.dir\CurlTests.c.obj  /out:cmTC_ccf21.exe /implib:cmTC_ccf21.lib /pdb:cmTC_ccf21.pdb /version:0.0 /machine:x64  /debug /INCREMENTAL /subsystem:console  ws2_32.lib  kernel32.lib user32.lib gdi32.lib winspool.lib shell32.lib ole32.lib oleaut32.lib uuid.lib comdlg32.lib advapi32.lib && cd ."
LINK Pass 1: command "C:\PROGRA~2\MICROS~2\2019\COMMUN~1\VC\Tools\MSVC\1429~1.301\bin\Hostx64\x64\link.exe /nologo CMakeFiles\cmTC_ccf21.dir\CurlTests.c.obj /out:cmTC_ccf21.exe /implib:cmTC_ccf21.lib /pdb:cmTC_ccf21.pdb /version:0.0 /machine:x64 /debug /INCREMENTAL /subsystem:console ws2_32.lib kernel32.lib user32.lib gdi32.lib winspool.lib shell32.lib ole32.lib oleaut32.lib uuid.lib comdlg32.lib advapi32.lib /MANIFEST /MANIFESTFILE:CMakeFiles\cmTC_ccf21.dir/intermediate.manifest CMakeFiles\cmTC_ccf21.dir/manifest.res" failed (exit code 1120) with the following output:
CurlTests.c.obj : error LNK2019: unresolved external symbol IoctlSocket referenced in function main
cmTC_ccf21.exe : fatal error LNK1120: 1 unresolved externals
ninja: build stopped: subcommand failed.


Performing Curl Test HAVE_IOCTL_FIONBIO failed with the following output:
Change Dir: C:/Users/Matt/Code/etterna/out/build/x64-Debug/CMakeFiles/CMakeTmp

Run Build Command(s):C:/Program Files (x86)/Microsoft Visual Studio/2019/Community/Common7/IDE/CommonExtensions/Microsoft/CMake/Ninja/ninja.exe cmTC_3b73e && [1/2] Building C object CMakeFiles\cmTC_3b73e.dir\CurlTests.c.obj
FAILED: CMakeFiles/cmTC_3b73e.dir/CurlTests.c.obj 
C:\PROGRA~2\MICROS~2\2019\COMMUN~1\VC\Tools\MSVC\1429~1.301\bin\Hostx64\x64\cl.exe  /nologo   /DWIN32 /D_WINDOWS -DHAVE_IOCTL_FIONBIO  -DHAVE_WINDOWS_H -DHAVE_WS2TCPIP_H -DHAVE_WINSOCK2_H -DHAVE_WINCRYPT_H -DHAVE_STDIO_H -DHAVE_SYS_STAT_H -DHAVE_SYS_TYPES_H -DHAVE_SYS_UTIME_H -DHAVE_ASSERT_H -DHAVE_ERRNO_H -DHAVE_FCNTL_H -DHAVE_IO_H -DHAVE_LOCALE_H -DHAVE_SETJMP_H -DHAVE_SIGNAL_H -DHAVE_STDBOOL_H -DHAVE_STDIO_H -DHAVE_STDLIB_H -DHAVE_STRING_H -DHAVE_TIME_H -DHAVE_PROCESS_H -DHAVE_STDDEF_H -DHAVE_MALLOC_H -DHAVE_MEMORY_H /Zi /Ob0 /Od /RTC1 -MTd /showIncludes /FoCMakeFiles\cmTC_3b73e.dir\CurlTests.c.obj /FdCMakeFiles\cmTC_3b73e.dir\ /FS -c C:\Users\Matt\Code\etterna\extern\curl\CMake\CurlTests.c
C:\Users\Matt\Code\etterna\extern\curl\CMake\CurlTests.c(343): error C2065: 'FIONBIO': undeclared identifier
ninja: build stopped: subcommand failed.


Performing Curl Test HAVE_IOCTL_SIOCGIFADDR failed with the following output:
Change Dir: C:/Users/Matt/Code/etterna/out/build/x64-Debug/CMakeFiles/CMakeTmp

Run Build Command(s):C:/Program Files (x86)/Microsoft Visual Studio/2019/Community/Common7/IDE/CommonExtensions/Microsoft/CMake/Ninja/ninja.exe cmTC_73bbf && [1/2] Building C object CMakeFiles\cmTC_73bbf.dir\CurlTests.c.obj
FAILED: CMakeFiles/cmTC_73bbf.dir/CurlTests.c.obj 
C:\PROGRA~2\MICROS~2\2019\COMMUN~1\VC\Tools\MSVC\1429~1.301\bin\Hostx64\x64\cl.exe  /nologo   /DWIN32 /D_WINDOWS -DHAVE_IOCTL_SIOCGIFADDR  -DHAVE_WINDOWS_H -DHAVE_WS2TCPIP_H -DHAVE_WINSOCK2_H -DHAVE_WINCRYPT_H -DHAVE_STDIO_H -DHAVE_SYS_STAT_H -DHAVE_SYS_TYPES_H -DHAVE_SYS_UTIME_H -DHAVE_ASSERT_H -DHAVE_ERRNO_H -DHAVE_FCNTL_H -DHAVE_IO_H -DHAVE_LOCALE_H -DHAVE_SETJMP_H -DHAVE_SIGNAL_H -DHAVE_STDBOOL_H -DHAVE_STDIO_H -DHAVE_STDLIB_H -DHAVE_STRING_H -DHAVE_TIME_H -DHAVE_PROCESS_H -DHAVE_STDDEF_H -DHAVE_MALLOC_H -DHAVE_MEMORY_H /Zi /Ob0 /Od /RTC1 -MTd /showIncludes /FoCMakeFiles\cmTC_73bbf.dir\CurlTests.c.obj /FdCMakeFiles\cmTC_73bbf.dir\ /FS -c C:\Users\Matt\Code\etterna\extern\curl\CMake\CurlTests.c
C:\Users\Matt\Code\etterna\extern\curl\CMake\CurlTests.c(368): fatal error C1083: Cannot open include file: 'net/if.h': No such file or directory
ninja: build stopped: subcommand failed.


Performing Curl Test HAVE_SETSOCKOPT_SO_NONBLOCK failed with the following output:
Change Dir: C:/Users/Matt/Code/etterna/out/build/x64-Debug/CMakeFiles/CMakeTmp

Run Build Command(s):C:/Program Files (x86)/Microsoft Visual Studio/2019/Community/Common7/IDE/CommonExtensions/Microsoft/CMake/Ninja/ninja.exe cmTC_703ca && [1/2] Building C object CMakeFiles\cmTC_703ca.dir\CurlTests.c.obj
FAILED: CMakeFiles/cmTC_703ca.dir/CurlTests.c.obj 
C:\PROGRA~2\MICROS~2\2019\COMMUN~1\VC\Tools\MSVC\1429~1.301\bin\Hostx64\x64\cl.exe  /nologo   /DWIN32 /D_WINDOWS -DHAVE_SETSOCKOPT_SO_NONBLOCK  -DHAVE_WINDOWS_H -DHAVE_WS2TCPIP_H -DHAVE_WINSOCK2_H -DHAVE_WINCRYPT_H -DHAVE_STDIO_H -DHAVE_SYS_STAT_H -DHAVE_SYS_TYPES_H -DHAVE_SYS_UTIME_H -DHAVE_ASSERT_H -DHAVE_ERRNO_H -DHAVE_FCNTL_H -DHAVE_IO_H -DHAVE_LOCALE_H -DHAVE_SETJMP_H -DHAVE_SIGNAL_H -DHAVE_STDBOOL_H -DHAVE_STDIO_H -DHAVE_STDLIB_H -DHAVE_STRING_H -DHAVE_TIME_H -DHAVE_PROCESS_H -DHAVE_STDDEF_H -DHAVE_MALLOC_H -DHAVE_MEMORY_H /Zi /Ob0 /Od /RTC1 -MTd /showIncludes /FoCMakeFiles\cmTC_703ca.dir\CurlTests.c.obj /FdCMakeFiles\cmTC_703ca.dir\ /FS -c C:\Users\Matt\Code\etterna\extern\curl\CMake\CurlTests.c
C:\Users\Matt\Code\etterna\extern\curl\CMake\CurlTests.c(404): error C2065: 'SO_NONBLOCK': undeclared identifier
ninja: build stopped: subcommand failed.


Performing Curl Test HAVE_SOCKADDR_IN6_SIN6_SCOPE_ID failed with the following output:
Change Dir: C:/Users/Matt/Code/etterna/out/build/x64-Debug/CMakeFiles/CMakeTmp

Run Build Command(s):C:/Program Files (x86)/Microsoft Visual Studio/2019/Community/Common7/IDE/CommonExtensions/Microsoft/CMake/Ninja/ninja.exe cmTC_df597 && [1/2] Building C object CMakeFiles\cmTC_df597.dir\CurlTests.c.obj
[2/2] Linking C executable cmTC_df597.exe
FAILED: cmTC_df597.exe 
cmd.exe /C "cd . && "C:\Program Files (x86)\Microsoft Visual Studio\2019\Community\Common7\IDE\CommonExtensions\Microsoft\CMake\CMake\bin\cmake.exe" -E vs_link_exe --intdir=CMakeFiles\cmTC_df597.dir --rc=C:\PROGRA~2\WI3CF2~1\10\bin\100203~1.0\x64\rc.exe --mt=C:\PROGRA~2\WI3CF2~1\10\bin\100203~1.0\x64\mt.exe --manifests  -- C:\PROGRA~2\MICROS~2\2019\COMMUN~1\VC\Tools\MSVC\1429~1.301\bin\Hostx64\x64\link.exe /nologo CMakeFiles\cmTC_df597.dir\CurlTests.c.obj  /out:cmTC_df597.exe /implib:cmTC_df597.lib /pdb:cmTC_df597.pdb /version:0.0 /machine:x64  /debug /INCREMENTAL /subsystem:console  ws2_32.lib  kernel32.lib user32.lib gdi32.lib winspool.lib shell32.lib ole32.lib oleaut32.lib uuid.lib comdlg32.lib advapi32.lib && cd ."
LINK Pass 1: command "C:\PROGRA~2\MICROS~2\2019\COMMUN~1\VC\Tools\MSVC\1429~1.301\bin\Hostx64\x64\link.exe /nologo CMakeFiles\cmTC_df597.dir\CurlTests.c.obj /out:cmTC_df597.exe /implib:cmTC_df597.lib /pdb:cmTC_df597.pdb /version:0.0 /machine:x64 /debug /INCREMENTAL /subsystem:console ws2_32.lib kernel32.lib user32.lib gdi32.lib winspool.lib shell32.lib ole32.lib oleaut32.lib uuid.lib comdlg32.lib advapi32.lib /MANIFEST /MANIFESTFILE:CMakeFiles\cmTC_df597.dir/intermediate.manifest CMakeFiles\cmTC_df597.dir/manifest.res" failed (exit code 1120) with the following output:
LIBCMTD.lib(exe_main.obj) : error LNK2019: unresolved external symbol main referenced in function "int __cdecl invoke_main(void)" (?invoke_main@@YAHXZ)
cmTC_df597.exe : fatal error LNK1120: 1 unresolved externals
ninja: build stopped: subcommand failed.


Performing Curl Test HAVE_FILE_OFFSET_BITS failed with the following output:
Change Dir: C:/Users/Matt/Code/etterna/out/build/x64-Debug/CMakeFiles/CMakeTmp

Run Build Command(s):C:/Program Files (x86)/Microsoft Visual Studio/2019/Community/Common7/IDE/CommonExtensions/Microsoft/CMake/Ninja/ninja.exe cmTC_89e05 && [1/2] Building C object CMakeFiles\cmTC_89e05.dir\CurlTests.c.obj
FAILED: CMakeFiles/cmTC_89e05.dir/CurlTests.c.obj 
C:\PROGRA~2\MICROS~2\2019\COMMUN~1\VC\Tools\MSVC\1429~1.301\bin\Hostx64\x64\cl.exe  /nologo   /DWIN32 /D_WINDOWS -DHAVE_FILE_OFFSET_BITS  -DHAVE_WINDOWS_H -DHAVE_WS2TCPIP_H -DHAVE_WINSOCK2_H -DHAVE_WINCRYPT_H -DHAVE_STDIO_H -DHAVE_SYS_STAT_H -DHAVE_SYS_TYPES_H -DHAVE_SYS_UTIME_H -DHAVE_ASSERT_H -DHAVE_ERRNO_H -DHAVE_FCNTL_H -DHAVE_IO_H -DHAVE_LOCALE_H -DHAVE_SETJMP_H -DHAVE_SIGNAL_H -DHAVE_STDBOOL_H -DHAVE_STDIO_H -DHAVE_STDLIB_H -DHAVE_STRING_H -DHAVE_TIME_H -DHAVE_PROCESS_H -DHAVE_STDDEF_H -DHAVE_MALLOC_H -DHAVE_MEMORY_H /Zi /Ob0 /Od /RTC1 -MTd /showIncludes /FoCMakeFiles\cmTC_89e05.dir\CurlTests.c.obj /FdCMakeFiles\cmTC_89e05.dir\ /FS -c C:\Users\Matt\Code\etterna\extern\curl\CMake\CurlTests.c
C:\Users\Matt\Code\etterna\extern\curl\CMake\CurlTests.c(218): warning C4293: '<<': shift count negative or too big, undefined behavior
C:\Users\Matt\Code\etterna\extern\curl\CMake\CurlTests.c(219): warning C4293: '<<': shift count negative or too big, undefined behavior
C:\Users\Matt\Code\etterna\extern\curl\CMake\CurlTests.c(220): error C2118: negative subscript
ninja: build stopped: subcommand failed.


Performing Curl Test HAVE_VARIADIC_MACROS_GCC failed with the following output:
Change Dir: C:/Users/Matt/Code/etterna/out/build/x64-Debug/CMakeFiles/CMakeTmp

Run Build Command(s):C:/Program Files (x86)/Microsoft Visual Studio/2019/Community/Common7/IDE/CommonExtensions/Microsoft/CMake/Ninja/ninja.exe cmTC_9a3e2 && [1/2] Building C object CMakeFiles\cmTC_9a3e2.dir\CurlTests.c.obj
FAILED: CMakeFiles/cmTC_9a3e2.dir/CurlTests.c.obj 
C:\PROGRA~2\MICROS~2\2019\COMMUN~1\VC\Tools\MSVC\1429~1.301\bin\Hostx64\x64\cl.exe  /nologo   /DWIN32 /D_WINDOWS -DHAVE_VARIADIC_MACROS_GCC  -DHAVE_WINDOWS_H -DHAVE_WS2TCPIP_H -DHAVE_WINSOCK2_H -DHAVE_WINCRYPT_H -DHAVE_STDIO_H -DHAVE_SYS_STAT_H -DHAVE_SYS_TYPES_H -DHAVE_SYS_UTIME_H -DHAVE_ASSERT_H -DHAVE_ERRNO_H -DHAVE_FCNTL_H -DHAVE_IO_H -DHAVE_LOCALE_H -DHAVE_SETJMP_H -DHAVE_SIGNAL_H -DHAVE_STDBOOL_H -DHAVE_STDIO_H -DHAVE_STDLIB_H -DHAVE_STRING_H -DHAVE_TIME_H -DHAVE_PROCESS_H -DHAVE_STDDEF_H -DHAVE_MALLOC_H -DHAVE_MEMORY_H /Zi /Ob0 /Od /RTC1 -MTd /showIncludes /FoCMakeFiles\cmTC_9a3e2.dir\CurlTests.c.obj /FdCMakeFiles\cmTC_9a3e2.dir\ /FS -c C:\Users\Matt\Code\etterna\extern\curl\CMake\CurlTests.c
C:\Users\Matt\Code\etterna\extern\curl\CMake\CurlTests.c(495): error C2010: '.': unexpected in macro parameter list
C:\Users\Matt\Code\etterna\extern\curl\CMake\CurlTests.c(496): error C2010: '.': unexpected in macro parameter list
ninja: build stopped: subcommand failed.


Performing Curl Test HAVE_GLIBC_STRERROR_R failed with the following output:
Change Dir: C:/Users/Matt/Code/etterna/out/build/x64-Debug/CMakeFiles/CMakeTmp

Run Build Command(s):C:/Program Files (x86)/Microsoft Visual Studio/2019/Community/Common7/IDE/CommonExtensions/Microsoft/CMake/Ninja/ninja.exe cmTC_bcc95 && [1/2] Building C object CMakeFiles\cmTC_bcc95.dir\CurlTests.c.obj
FAILED: CMakeFiles/cmTC_bcc95.dir/CurlTests.c.obj 
C:\PROGRA~2\MICROS~2\2019\COMMUN~1\VC\Tools\MSVC\1429~1.301\bin\Hostx64\x64\cl.exe  /nologo   /DWIN32 /D_WINDOWS -DHAVE_GLIBC_STRERROR_R  -DHAVE_WINDOWS_H -DHAVE_WS2TCPIP_H -DHAVE_WINSOCK2_H -DHAVE_WINCRYPT_H -DHAVE_STDIO_H -DHAVE_SYS_STAT_H -DHAVE_SYS_TYPES_H -DHAVE_SYS_UTIME_H -DHAVE_ASSERT_H -DHAVE_ERRNO_H -DHAVE_FCNTL_H -DHAVE_IO_H -DHAVE_LOCALE_H -DHAVE_SETJMP_H -DHAVE_SIGNAL_H -DHAVE_STDBOOL_H -DHAVE_STDIO_H -DHAVE_STDLIB_H -DHAVE_STRING_H -DHAVE_TIME_H -DHAVE_PROCESS_H -DHAVE_STDDEF_H -DHAVE_MALLOC_H -DHAVE_MEMORY_H /Zi /Ob0 /Od /RTC1 -MTd /showIncludes /FoCMakeFiles\cmTC_bcc95.dir\CurlTests.c.obj /FdCMakeFiles\cmTC_bcc95.dir\ /FS -c C:\Users\Matt\Code\etterna\extern\curl\CMake\CurlTests.c
C:\Users\Matt\Code\etterna\extern\curl\CMake\CurlTests.c(420): error C2109: subscript requires array or pointer type
C:\Users\Matt\Code\etterna\extern\curl\CMake\CurlTests.c(420): error C2198: 'check': too few arguments for call
ninja: build stopped: subcommand failed.


Performing Curl Test HAVE_POSIX_STRERROR_R failed with the following output:
Change Dir: C:/Users/Matt/Code/etterna/out/build/x64-Debug/CMakeFiles/CMakeTmp

Run Build Command(s):C:/Program Files (x86)/Microsoft Visual Studio/2019/Community/Common7/IDE/CommonExtensions/Microsoft/CMake/Ninja/ninja.exe cmTC_9a435 && [1/2] Building C object CMakeFiles\cmTC_9a435.dir\CurlTests.c.obj
[2/2] Linking C executable cmTC_9a435.exe
FAILED: cmTC_9a435.exe 
cmd.exe /C "cd . && "C:\Program Files (x86)\Microsoft Visual Studio\2019\Community\Common7\IDE\CommonExtensions\Microsoft\CMake\CMake\bin\cmake.exe" -E vs_link_exe --intdir=CMakeFiles\cmTC_9a435.dir --rc=C:\PROGRA~2\WI3CF2~1\10\bin\100203~1.0\x64\rc.exe --mt=C:\PROGRA~2\WI3CF2~1\10\bin\100203~1.0\x64\mt.exe --manifests  -- C:\PROGRA~2\MICROS~2\2019\COMMUN~1\VC\Tools\MSVC\1429~1.301\bin\Hostx64\x64\link.exe /nologo CMakeFiles\cmTC_9a435.dir\CurlTests.c.obj  /out:cmTC_9a435.exe /implib:cmTC_9a435.lib /pdb:cmTC_9a435.pdb /version:0.0 /machine:x64  /debug /INCREMENTAL /subsystem:console  ws2_32.lib  kernel32.lib user32.lib gdi32.lib winspool.lib shell32.lib ole32.lib oleaut32.lib uuid.lib comdlg32.lib advapi32.lib && cd ."
LINK Pass 1: command "C:\PROGRA~2\MICROS~2\2019\COMMUN~1\VC\Tools\MSVC\1429~1.301\bin\Hostx64\x64\link.exe /nologo CMakeFiles\cmTC_9a435.dir\CurlTests.c.obj /out:cmTC_9a435.exe /implib:cmTC_9a435.lib /pdb:cmTC_9a435.pdb /version:0.0 /machine:x64 /debug /INCREMENTAL /subsystem:console ws2_32.lib kernel32.lib user32.lib gdi32.lib winspool.lib shell32.lib ole32.lib oleaut32.lib uuid.lib comdlg32.lib advapi32.lib /MANIFEST /MANIFESTFILE:CMakeFiles\cmTC_9a435.dir/intermediate.manifest CMakeFiles\cmTC_9a435.dir/manifest.res" failed (exit code 1120) with the following output:
CurlTests.c.obj : error LNK2019: unresolved external symbol strerror_r referenced in function main
cmTC_9a435.exe : fatal error LNK1120: 1 unresolved externals
ninja: build stopped: subcommand failed.


Performing Curl Test HAVE_CLOCK_GETTIME_MONOTONIC failed with the following output:
Change Dir: C:/Users/Matt/Code/etterna/out/build/x64-Debug/CMakeFiles/CMakeTmp

Run Build Command(s):C:/Program Files (x86)/Microsoft Visual Studio/2019/Community/Common7/IDE/CommonExtensions/Microsoft/CMake/Ninja/ninja.exe cmTC_9176d && [1/2] Building C object CMakeFiles\cmTC_9176d.dir\CurlTests.c.obj
FAILED: CMakeFiles/cmTC_9176d.dir/CurlTests.c.obj 
C:\PROGRA~2\MICROS~2\2019\COMMUN~1\VC\Tools\MSVC\1429~1.301\bin\Hostx64\x64\cl.exe  /nologo   /DWIN32 /D_WINDOWS -DHAVE_CLOCK_GETTIME_MONOTONIC  -DHAVE_WINDOWS_H -DHAVE_WS2TCPIP_H -DHAVE_WINSOCK2_H -DHAVE_WINCRYPT_H -DHAVE_STDIO_H -DHAVE_SYS_STAT_H -DHAVE_SYS_TYPES_H -DHAVE_SYS_UTIME_H -DHAVE_ASSERT_H -DHAVE_ERRNO_H -DHAVE_FCNTL_H -DHAVE_IO_H -DHAVE_LOCALE_H -DHAVE_SETJMP_H -DHAVE_SIGNAL_H -DHAVE_STDBOOL_H -DHAVE_STDIO_H -DHAVE_STDLIB_H -DHAVE_STRING_H -DHAVE_TIME_H -DHAVE_PROCESS_H -DHAVE_STDDEF_H -DHAVE_MALLOC_H -DHAVE_MEMORY_H /Zi /Ob0 /Od /RTC1 -MTd /showIncludes /FoCMakeFiles\cmTC_9176d.dir\CurlTests.c.obj /FdCMakeFiles\cmTC_9176d.dir\ /FS -c C:\Users\Matt\Code\etterna\extern\curl\CMake\CurlTests.c
C:\Users\Matt\Code\etterna\extern\curl\CMake\CurlTests.c(460): error C2065: 'CLOCK_MONOTONIC': undeclared identifier
ninja: build stopped: subcommand failed.


Performing Curl Test HAVE_BUILTIN_AVAILABLE failed with the following output:
Change Dir: C:/Users/Matt/Code/etterna/out/build/x64-Debug/CMakeFiles/CMakeTmp

Run Build Command(s):C:/Program Files (x86)/Microsoft Visual Studio/2019/Community/Common7/IDE/CommonExtensions/Microsoft/CMake/Ninja/ninja.exe cmTC_341cc && [1/2] Building C object CMakeFiles\cmTC_341cc.dir\CurlTests.c.obj
FAILED: CMakeFiles/cmTC_341cc.dir/CurlTests.c.obj 
C:\PROGRA~2\MICROS~2\2019\COMMUN~1\VC\Tools\MSVC\1429~1.301\bin\Hostx64\x64\cl.exe  /nologo   /DWIN32 /D_WINDOWS -DHAVE_BUILTIN_AVAILABLE  -DHAVE_WINDOWS_H -DHAVE_WS2TCPIP_H -DHAVE_WINSOCK2_H -DHAVE_WINCRYPT_H -DHAVE_STDIO_H -DHAVE_SYS_STAT_H -DHAVE_SYS_TYPES_H -DHAVE_SYS_UTIME_H -DHAVE_ASSERT_H -DHAVE_ERRNO_H -DHAVE_FCNTL_H -DHAVE_IO_H -DHAVE_LOCALE_H -DHAVE_SETJMP_H -DHAVE_SIGNAL_H -DHAVE_STDBOOL_H -DHAVE_STDIO_H -DHAVE_STDLIB_H -DHAVE_STRING_H -DHAVE_TIME_H -DHAVE_PROCESS_H -DHAVE_STDDEF_H -DHAVE_MALLOC_H -DHAVE_MEMORY_H /Zi /Ob0 /Od /RTC1 -MTd /showIncludes /FoCMakeFiles\cmTC_341cc.dir\CurlTests.c.obj /FdCMakeFiles\cmTC_341cc.dir\ /FS -c C:\Users\Matt\Code\etterna\extern\curl\CMake\CurlTests.c
C:\Users\Matt\Code\etterna\extern\curl\CMake\CurlTests.c(467): error C2065: 'macOS': undeclared identifier
C:\Users\Matt\Code\etterna\extern\curl\CMake\CurlTests.c(467): error C2143: syntax error: missing ')' before 'constant'
C:\Users\Matt\Code\etterna\extern\curl\CMake\CurlTests.c(467): error C2059: syntax error: ')'
ninja: build stopped: subcommand failed.


Performing C SOURCE FILE Test HAVE_MSG_NOSIGNAL failed with the following output:
Change Dir: C:/Users/Matt/Code/etterna/out/build/x64-Debug/CMakeFiles/CMakeTmp

Run Build Command(s):C:/Program Files (x86)/Microsoft Visual Studio/2019/Community/Common7/IDE/CommonExtensions/Microsoft/CMake/Ninja/ninja.exe cmTC_51d78 && [1/2] Building C object CMakeFiles\cmTC_51d78.dir\src.c.obj
FAILED: CMakeFiles/cmTC_51d78.dir/src.c.obj 
C:\PROGRA~2\MICROS~2\2019\COMMUN~1\VC\Tools\MSVC\1429~1.301\bin\Hostx64\x64\cl.exe  /nologo -DHAVE_MSG_NOSIGNAL -IC:\Users\Matt\Code\etterna\extern\curl\include /DWIN32 /D_WINDOWS  /Zi /Ob0 /Od /RTC1 -MTd    -D_WIN32_WINNT=0x0600 -D_WINSOCKAPI_= /showIncludes /FoCMakeFiles\cmTC_51d78.dir\src.c.obj /FdCMakeFiles\cmTC_51d78.dir\cmTC_51d78.pdb /FS -c src.c
src.c(8): error C2065: 'MSG_NOSIGNAL': undeclared identifier
ninja: build stopped: subcommand failed.


Source file was:
#undef inline
#include <winsock2.h>
#include <windows.h>
#ifndef WIN32_LEAN_AND_MEAN
#define WIN32_LEAN_AND_MEAN
#endif
  int main(void) {
    int flag = MSG_NOSIGNAL;
    (void)flag;
    return 0;
  }
Performing C SOURCE FILE Test HAVE_POLL_FINE failed with the following compile output:
Change Dir: C:/Users/Matt/Code/etterna/out/build/x64-Debug/CMakeFiles/CMakeTmp

Run Build Command(s):C:/Program Files (x86)/Microsoft Visual Studio/2019/Community/Common7/IDE/CommonExtensions/Microsoft/CMake/Ninja/ninja.exe cmTC_0e693 && [1/2] Building C object CMakeFiles\cmTC_0e693.dir\src.c.obj
FAILED: CMakeFiles/cmTC_0e693.dir/src.c.obj 
C:\PROGRA~2\MICROS~2\2019\COMMUN~1\VC\Tools\MSVC\1429~1.301\bin\Hostx64\x64\cl.exe  /nologo -DHAVE_POLL_FINE -IC:\Users\Matt\Code\etterna\extern\curl\include /DWIN32 /D_WINDOWS  /Zi /Ob0 /Od /RTC1 -MTd    -D_WIN32_WINNT=0x0600 -D_WINSOCKAPI_= /showIncludes /FoCMakeFiles\cmTC_0e693.dir\src.c.obj /FdCMakeFiles\cmTC_0e693.dir\ /FS -c src.c
src.c(3): fatal error C1083: Cannot open include file: 'sys/time.h': No such file or directory
ninja: build stopped: subcommand failed.


...and run output:

Return value: 1
Source file was:

    #include <stdlib.h>
    #include <sys/time.h>

    #ifdef HAVE_SYS_POLL_H
    #  include <sys/poll.h>
    #elif  HAVE_POLL_H
    #  include <poll.h>
    #endif

    int main(void)
    {
        if(0 != poll(0, 0, 10)) {
          return 1; /* fail */
        }
        else {
          /* detect the 10.12 poll() breakage */
          struct timeval before, after;
          int rc;
          size_t us;

          gettimeofday(&before, NULL);
          rc = poll(NULL, 0, 500);
          gettimeofday(&after, NULL);

          us = (after.tv_sec - before.tv_sec) * 1000000 +
            (after.tv_usec - before.tv_usec);

          if(us < 400000) {
            return 1;
          }
        }
        return 0;
    }
Performing C++ SOURCE FILE Test NO_STACK_PROTECTOR_FLAG failed with the following output:
Change Dir: C:/Users/Matt/Code/etterna/out/build/x64-Debug/CMakeFiles/CMakeTmp

Run Build Command(s):C:/Program Files (x86)/Microsoft Visual Studio/2019/Community/Common7/IDE/CommonExtensions/Microsoft/CMake/Ninja/ninja.exe cmTC_21197 && [1/2] Building CXX object CMakeFiles\cmTC_21197.dir\src.cxx.obj
cl : Command line warning D9002 : ignoring unknown option '-fno-stack-protector'
[2/2] Linking CXX executable cmTC_21197.exe


Source file was:
int main() { return 0; }
Determining size of off64_t failed with the following output:
Change Dir: C:/Users/Matt/Code/etterna/out/build/x64-Debug/CMakeFiles/CMakeTmp

Run Build Command(s):C:/Program Files (x86)/Microsoft Visual Studio/2019/Community/Common7/IDE/CommonExtensions/Microsoft/CMake/Ninja/ninja.exe cmTC_ac876 && [1/2] Building C object CMakeFiles\cmTC_ac876.dir\OFF64_T.c.obj
FAILED: CMakeFiles/cmTC_ac876.dir/OFF64_T.c.obj 
C:\PROGRA~2\MICROS~2\2019\COMMUN~1\VC\Tools\MSVC\1429~1.301\bin\Hostx64\x64\cl.exe  /nologo -DHAVE_STDDEF_H -DHAVE_STDINT_H -DHAVE_SYS_TYPES_H -D_LARGEFILE64_SOURCE=1  /DWIN32 /D_WINDOWS  /Zi /Ob0 /Od /RTC1 -MTd /showIncludes /FoCMakeFiles\cmTC_ac876.dir\OFF64_T.c.obj /FdCMakeFiles\cmTC_ac876.dir\ /FS -c C:\Users\Matt\Code\etterna\out\build\x64-Debug\CMakeFiles\CheckTypeSize\OFF64_T.c
C:\Users\Matt\Code\etterna\out\build\x64-Debug\CMakeFiles\CheckTypeSize\OFF64_T.c(29): error C2065: 'off64_t': undeclared identifier
C:\Users\Matt\Code\etterna\out\build\x64-Debug\CMakeFiles\CheckTypeSize\OFF64_T.c(30): error C2065: 'off64_t': undeclared identifier
C:\Users\Matt\Code\etterna\out\build\x64-Debug\CMakeFiles\CheckTypeSize\OFF64_T.c(31): error C2065: 'off64_t': undeclared identifier
C:\Users\Matt\Code\etterna\out\build\x64-Debug\CMakeFiles\CheckTypeSize\OFF64_T.c(32): error C2065: 'off64_t': undeclared identifier
C:\Users\Matt\Code\etterna\out\build\x64-Debug\CMakeFiles\CheckTypeSize\OFF64_T.c(33): error C2065: 'off64_t': undeclared identifier
ninja: build stopped: subcommand failed.


C:/Users/Matt/Code/etterna/out/build/x64-Debug/CMakeFiles/CheckTypeSize/OFF64_T.c:
#include <sys/types.h>
#include <stdint.h>
#include <stddef.h>


#undef KEY
#if defined(__i386)
# define KEY '_','_','i','3','8','6'
#elif defined(__x86_64)
# define KEY '_','_','x','8','6','_','6','4'
#elif defined(__PPC64__)
# define KEY '_','_','P','P','C','6','4','_','_'
#elif defined(__ppc64__)
# define KEY '_','_','p','p','c','6','4','_','_'
#elif defined(__PPC__)
# define KEY '_','_','P','P','C','_','_'
#elif defined(__ppc__)
# define KEY '_','_','p','p','c','_','_'
#elif defined(__aarch64__)
# define KEY '_','_','a','a','r','c','h','6','4','_','_'
#elif defined(__ARM_ARCH_7A__)
# define KEY '_','_','A','R','M','_','A','R','C','H','_','7','A','_','_'
#elif defined(__ARM_ARCH_7S__)
# define KEY '_','_','A','R','M','_','A','R','C','H','_','7','S','_','_'
#endif

#define SIZE (sizeof(off64_t))
static char info_size[] =  {'I', 'N', 'F', 'O', ':', 's','i','z','e','[',
  ('0' + ((SIZE / 10000)%10)),
  ('0' + ((SIZE / 1000)%10)),
  ('0' + ((SIZE / 100)%10)),
  ('0' + ((SIZE / 10)%10)),
  ('0' +  (SIZE    % 10)),
  ']',
#ifdef KEY
  ' ','k','e','y','[', KEY, ']',
#endif
  '\0'};

#ifdef __CLASSIC_C__
int main(argc, argv) int argc; char *argv[];
#else
int main(int argc, char *argv[])
#endif
{
  int require = 0;
  require += info_size[argc];
  (void)argv;
  return require;
}


Determining if the function fseeko exists failed with the following output:
Change Dir: C:/Users/Matt/Code/etterna/out/build/x64-Debug/CMakeFiles/CMakeTmp

Run Build Command(s):C:/Program Files (x86)/Microsoft Visual Studio/2019/Community/Common7/IDE/CommonExtensions/Microsoft/CMake/Ninja/ninja.exe cmTC_24463 && [1/2] Building C object CMakeFiles\cmTC_24463.dir\CheckFunctionExists.c.obj
[2/2] Linking C executable cmTC_24463.exe
FAILED: cmTC_24463.exe 
cmd.exe /C "cd . && "C:\Program Files (x86)\Microsoft Visual Studio\2019\Community\Common7\IDE\CommonExtensions\Microsoft\CMake\CMake\bin\cmake.exe" -E vs_link_exe --intdir=CMakeFiles\cmTC_24463.dir --rc=C:\PROGRA~2\WI3CF2~1\10\bin\100203~1.0\x64\rc.exe --mt=C:\PROGRA~2\WI3CF2~1\10\bin\100203~1.0\x64\mt.exe --manifests  -- C:\PROGRA~2\MICROS~2\2019\COMMUN~1\VC\Tools\MSVC\1429~1.301\bin\Hostx64\x64\link.exe /nologo CMakeFiles\cmTC_24463.dir\CheckFunctionExists.c.obj  /out:cmTC_24463.exe /implib:cmTC_24463.lib /pdb:cmTC_24463.pdb /version:0.0 /machine:x64  /debug /INCREMENTAL /subsystem:console  kernel32.lib user32.lib gdi32.lib winspool.lib shell32.lib ole32.lib oleaut32.lib uuid.lib comdlg32.lib advapi32.lib && cd ."
LINK Pass 1: command "C:\PROGRA~2\MICROS~2\2019\COMMUN~1\VC\Tools\MSVC\1429~1.301\bin\Hostx64\x64\link.exe /nologo CMakeFiles\cmTC_24463.dir\CheckFunctionExists.c.obj /out:cmTC_24463.exe /implib:cmTC_24463.lib /pdb:cmTC_24463.pdb /version:0.0 /machine:x64 /debug /INCREMENTAL /subsystem:console kernel32.lib user32.lib gdi32.lib winspool.lib shell32.lib ole32.lib oleaut32.lib uuid.lib comdlg32.lib advapi32.lib /MANIFEST /MANIFESTFILE:CMakeFiles\cmTC_24463.dir/intermediate.manifest CMakeFiles\cmTC_24463.dir/manifest.res" failed (exit code 1120) with the following output:
CheckFunctionExists.c.obj : error LNK2019: unresolved external symbol fseeko referenced in function main
cmTC_24463.exe : fatal error LNK1120: 1 unresolved externals
ninja: build stopped: subcommand failed.



Determining if the include file unistd.h exists failed with the following output:
Change Dir: C:/Users/Matt/Code/etterna/out/build/x64-Debug/CMakeFiles/CMakeTmp

Run Build Command(s):C:/Program Files (x86)/Microsoft Visual Studio/2019/Community/Common7/IDE/CommonExtensions/Microsoft/CMake/Ninja/ninja.exe cmTC_2766a && [1/2] Building C object CMakeFiles\cmTC_2766a.dir\CheckIncludeFile.c.obj
FAILED: CMakeFiles/cmTC_2766a.dir/CheckIncludeFile.c.obj 
C:\PROGRA~2\MICROS~2\2019\COMMUN~1\VC\Tools\MSVC\1429~1.301\bin\Hostx64\x64\cl.exe  /nologo   /DWIN32 /D_WINDOWS  /Zi /Ob0 /Od /RTC1 -MTd /showIncludes /FoCMakeFiles\cmTC_2766a.dir\CheckIncludeFile.c.obj /FdCMakeFiles\cmTC_2766a.dir\ /FS -c CheckIncludeFile.c
CheckIncludeFile.c(1): fatal error C1083: Cannot open include file: 'unistd.h': No such file or directory
ninja: build stopped: subcommand failed.



Performing C++ SOURCE FILE Test has_std_20_flag failed with the following output:
Change Dir: C:/Users/Matt/Code/etterna/out/build/x64-Debug/CMakeFiles/CMakeTmp

Run Build Command(s):C:/Program Files (x86)/Microsoft Visual Studio/2019/Community/Common7/IDE/CommonExtensions/Microsoft/CMake/Ninja/ninja.exe cmTC_ef4bf && [1/2] Building CXX object CMakeFiles\cmTC_ef4bf.dir\src.cxx.obj
cl : Command line warning D9002 : ignoring unknown option '-std=c++20'
[2/2] Linking CXX executable cmTC_ef4bf.exe


Source file was:
int main() { return 0; }
Performing C++ SOURCE FILE Test has_std_2a_flag failed with the following output:
Change Dir: C:/Users/Matt/Code/etterna/out/build/x64-Debug/CMakeFiles/CMakeTmp

Run Build Command(s):C:/Program Files (x86)/Microsoft Visual Studio/2019/Community/Common7/IDE/CommonExtensions/Microsoft/CMake/Ninja/ninja.exe cmTC_73bc8 && [1/2] Building CXX object CMakeFiles\cmTC_73bc8.dir\src.cxx.obj
cl : Command line warning D9002 : ignoring unknown option '-std=c++2a'
[2/2] Linking CXX executable cmTC_73bc8.exe


Source file was:
int main() { return 0; }
Determining if files alloca.h exist failed with the following output:
Change Dir: C:/Users/Matt/Code/etterna/out/build/x64-Debug/CMakeFiles/CMakeTmp

Run Build Command(s):C:/Program Files (x86)/Microsoft Visual Studio/2019/Community/Common7/IDE/CommonExtensions/Microsoft/CMake/Ninja/ninja.exe cmTC_2dae3 && [1/2] Building C object CMakeFiles\cmTC_2dae3.dir\HAVE_ALLOCA_H.c.obj
FAILED: CMakeFiles/cmTC_2dae3.dir/HAVE_ALLOCA_H.c.obj 
C:\PROGRA~2\MICROS~2\2019\COMMUN~1\VC\Tools\MSVC\1429~1.301\bin\Hostx64\x64\cl.exe  /nologo   /DWIN32 /D_WINDOWS  /Zi /Ob0 /Od /RTC1 -MTd /showIncludes /FoCMakeFiles\cmTC_2dae3.dir\HAVE_ALLOCA_H.c.obj /FdCMakeFiles\cmTC_2dae3.dir\ /FS -c C:\Users\Matt\Code\etterna\out\build\x64-Debug\CMakeFiles\CheckIncludeFiles\HAVE_ALLOCA_H.c
C:\Users\Matt\Code\etterna\out\build\x64-Debug\CMakeFiles\CheckIncludeFiles\HAVE_ALLOCA_H.c(2): fatal error C1083: Cannot open include file: 'alloca.h': No such file or directory
ninja: build stopped: subcommand failed.


Source:
/* */
#include <alloca.h>


int main(void){return 0;}

Determining if files dirent.h exist failed with the following output:
Change Dir: C:/Users/Matt/Code/etterna/out/build/x64-Debug/CMakeFiles/CMakeTmp

Run Build Command(s):C:/Program Files (x86)/Microsoft Visual Studio/2019/Community/Common7/IDE/CommonExtensions/Microsoft/CMake/Ninja/ninja.exe cmTC_f07ba && [1/2] Building C object CMakeFiles\cmTC_f07ba.dir\HAVE_DIRENT_H.c.obj
FAILED: CMakeFiles/cmTC_f07ba.dir/HAVE_DIRENT_H.c.obj 
C:\PROGRA~2\MICROS~2\2019\COMMUN~1\VC\Tools\MSVC\1429~1.301\bin\Hostx64\x64\cl.exe  /nologo   /DWIN32 /D_WINDOWS  /Zi /Ob0 /Od /RTC1 -MTd /showIncludes /FoCMakeFiles\cmTC_f07ba.dir\HAVE_DIRENT_H.c.obj /FdCMakeFiles\cmTC_f07ba.dir\ /FS -c C:\Users\Matt\Code\etterna\out\build\x64-Debug\CMakeFiles\CheckIncludeFiles\HAVE_DIRENT_H.c
C:\Users\Matt\Code\etterna\out\build\x64-Debug\CMakeFiles\CheckIncludeFiles\HAVE_DIRENT_H.c(2): fatal error C1083: Cannot open include file: 'dirent.h': No such file or directory
ninja: build stopped: subcommand failed.


Source:
/* */
#include <dirent.h>


int main(void){return 0;}

Determining if files unistd.h exist failed with the following output:
Change Dir: C:/Users/Matt/Code/etterna/out/build/x64-Debug/CMakeFiles/CMakeTmp

Run Build Command(s):C:/Program Files (x86)/Microsoft Visual Studio/2019/Community/Common7/IDE/CommonExtensions/Microsoft/CMake/Ninja/ninja.exe cmTC_db1a4 && [1/2] Building C object CMakeFiles\cmTC_db1a4.dir\HAVE_UNISTD_H.c.obj
FAILED: CMakeFiles/cmTC_db1a4.dir/HAVE_UNISTD_H.c.obj 
C:\PROGRA~2\MICROS~2\2019\COMMUN~1\VC\Tools\MSVC\1429~1.301\bin\Hostx64\x64\cl.exe  /nologo   /DWIN32 /D_WINDOWS  /Zi /Ob0 /Od /RTC1 -MTd /showIncludes /FoCMakeFiles\cmTC_db1a4.dir\HAVE_UNISTD_H.c.obj /FdCMakeFiles\cmTC_db1a4.dir\ /FS -c C:\Users\Matt\Code\etterna\out\build\x64-Debug\CMakeFiles\CheckIncludeFiles\HAVE_UNISTD_H.c
C:\Users\Matt\Code\etterna\out\build\x64-Debug\CMakeFiles\CheckIncludeFiles\HAVE_UNISTD_H.c(2): fatal error C1083: Cannot open include file: 'unistd.h': No such file or directory
ninja: build stopped: subcommand failed.


Source:
/* */
#include <unistd.h>


int main(void){return 0;}

Determining if files sys/param.h exist failed with the following output:
Change Dir: C:/Users/Matt/Code/etterna/out/build/x64-Debug/CMakeFiles/CMakeTmp

Run Build Command(s):C:/Program Files (x86)/Microsoft Visual Studio/2019/Community/Common7/IDE/CommonExtensions/Microsoft/CMake/Ninja/ninja.exe cmTC_01671 && [1/2] Building C object CMakeFiles\cmTC_01671.dir\HAVE_SYS_PARAM_H.c.obj
FAILED: CMakeFiles/cmTC_01671.dir/HAVE_SYS_PARAM_H.c.obj 
C:\PROGRA~2\MICROS~2\2019\COMMUN~1\VC\Tools\MSVC\1429~1.301\bin\Hostx64\x64\cl.exe  /nologo   /DWIN32 /D_WINDOWS  /Zi /Ob0 /Od /RTC1 -MTd /showIncludes /FoCMakeFiles\cmTC_01671.dir\HAVE_SYS_PARAM_H.c.obj /FdCMakeFiles\cmTC_01671.dir\ /FS -c C:\Users\Matt\Code\etterna\out\build\x64-Debug\CMakeFiles\CheckIncludeFiles\HAVE_SYS_PARAM_H.c
C:\Users\Matt\Code\etterna\out\build\x64-Debug\CMakeFiles\CheckIncludeFiles\HAVE_SYS_PARAM_H.c(2): fatal error C1083: Cannot open include file: 'sys/param.h': No such file or directory
ninja: build stopped: subcommand failed.


Source:
/* */
#include <sys/param.h>


int main(void){return 0;}

Determining if the strcasecmp exist failed with the following output:
Change Dir: C:/Users/Matt/Code/etterna/out/build/x64-Debug/CMakeFiles/CMakeTmp

Run Build Command(s):C:/Program Files (x86)/Microsoft Visual Studio/2019/Community/Common7/IDE/CommonExtensions/Microsoft/CMake/Ninja/ninja.exe cmTC_f3765 && [1/2] Building CXX object CMakeFiles\cmTC_f3765.dir\CheckSymbolExists.cxx.obj
FAILED: CMakeFiles/cmTC_f3765.dir/CheckSymbolExists.cxx.obj 
C:\PROGRA~2\MICROS~2\2019\COMMUN~1\VC\Tools\MSVC\1429~1.301\bin\Hostx64\x64\cl.exe  /nologo /TP   /DWIN32 /D_WINDOWS /GR /EHsc  /Zi /Ob0 /Od /RTC1 -MTd -std:c++latest /showIncludes /FoCMakeFiles\cmTC_f3765.dir\CheckSymbolExists.cxx.obj /FdCMakeFiles\cmTC_f3765.dir\ /FS -c CheckSymbolExists.cxx
CheckSymbolExists.cxx(8): error C2065: 'strcasecmp': undeclared identifier
ninja: build stopped: subcommand failed.


File C:/Users/Matt/Code/etterna/out/build/x64-Debug/CMakeFiles/CMakeTmp/CheckSymbolExists.cxx:
/* */
#include <cstring>

int main(int argc, char** argv)
{
  (void)argv;
#ifndef strcasecmp
  return ((int*)(&strcasecmp))[argc];
#else
  (void)argc;
  return 0;
#endif
}
Determining if the posix_fadvise exist failed with the following output:
Change Dir: C:/Users/Matt/Code/etterna/out/build/x64-Debug/CMakeFiles/CMakeTmp

Run Build Command(s):C:/Program Files (x86)/Microsoft Visual Studio/2019/Community/Common7/IDE/CommonExtensions/Microsoft/CMake/Ninja/ninja.exe cmTC_2618c && [1/2] Building C object CMakeFiles\cmTC_2618c.dir\CheckSymbolExists.c.obj
FAILED: CMakeFiles/cmTC_2618c.dir/CheckSymbolExists.c.obj 
C:\PROGRA~2\MICROS~2\2019\COMMUN~1\VC\Tools\MSVC\1429~1.301\bin\Hostx64\x64\cl.exe  /nologo   /DWIN32 /D_WINDOWS  /Zi /Ob0 /Od /RTC1 -MTd /showIncludes /FoCMakeFiles\cmTC_2618c.dir\CheckSymbolExists.c.obj /FdCMakeFiles\cmTC_2618c.dir\ /FS -c CheckSymbolExists.c
CheckSymbolExists.c(8): error C2065: 'posix_fadvise': undeclared identifier
ninja: build stopped: subcommand failed.


File C:/Users/Matt/Code/etterna/out/build/x64-Debug/CMakeFiles/CMakeTmp/CheckSymbolExists.c:
/* */
#include <fcntl.h>

int main(int argc, char** argv)
{
  (void)argv;
#ifndef posix_fadvise
  return ((int*)(&posix_fadvise))[argc];
#else
  (void)argc;
  return 0;
#endif
}
